20231115	14:38:04	b32a5ef8-9fad-4271-8a2e-f911ccb1d690	GET	/test	undefined
20231115	14:39:38	d5a4f3ce-4d2f-4e5f-8765-eb19d902e0bb	GET	/	undefined
20231115	14:39:38	e84af8bf-a268-40b9-84b7-ac203e8c392f	GET	/css/style.css	undefined
20231115	14:39:38	5d4a44f9-40fd-458c-ae13-c55498e3db3b	GET	/favicon.ico	undefined
20231115	14:40:08	6dd77824-0e87-49df-94a9-b924006d3878	GET	/aksjdkasjdh	undefined
20231115	14:40:08	e173559a-12f1-4089-a25e-3e2ca17e0596	GET	/css/style.css	undefined
20231115	14:55:47	af1fef6f-8c78-4322-949e-02f88a8b8372	GET	/signup	undefined
20231115	14:56:28	633a903f-d4b1-4a7d-a2cf-f8637c090673	GET	/signup	undefined
20231115	14:56:42	c02269eb-0a65-4d61-b437-ddad1b3e7e79	GET	/auth/signup	undefined
20231115	14:56:43	69c246d2-10a4-4b83-b66b-8a3c34353505	GET	/auth/signup	undefined
20231115	14:56:44	f0ab7661-a2ad-464a-b074-d14600a92b03	GET	/auth/signup	undefined
20231115	14:56:44	a0d74d72-adc3-4d0b-bd04-a2bbe3a0f29a	GET	/auth/signup	undefined
20231115	14:56:58	38771f4a-33fd-476e-81e8-d9e56cb9ebb5	POST	/auth/signup	undefined
20231115	14:57:00	7c1fe4b6-4419-41e7-8321-dd99ddd9da32	POST	/auth/signup	undefined
20231115	14:59:23	fd3dfa1e-ced8-4af6-ace5-35234929e5c5	POST	/auth/signup	undefined
20231115	15:28:01	c6fe928a-90af-4577-a84f-e9a78dead91b	POST	/auth/signup	undefined
20231115	15:28:02	2a49bb4e-2f82-4929-a8d5-089a725102f7	POST	/auth/signup	undefined
20231115	15:28:10	bf46d3f7-6962-4a08-980d-ea3b0f76c49d	POST	/auth/signup	undefined
20231115	15:28:28	5584fbc8-f27a-4532-8fb6-4707b494fdf0	POST	/auth/signup	undefined
20231115	15:31:35	ddc3b0b6-047b-4371-ae4b-542825633883	POST	/auth/signup	undefined
20231115	15:33:15	b52910c0-dff4-43cf-863b-84109c7547d5	POST	/auth/signup	undefined
20231115	15:33:35	61d019b7-6abb-429f-9758-b55b2bcd2122	POST	/auth/signup	undefined
20231115	15:34:46	39f4557f-c08c-4ad6-8598-11610a21da2b	POST	/auth/signup	undefined
20231115	15:39:23	9153752f-d9db-4c85-8805-82007632eb55	POST	/auth/login	undefined
20231115	15:39:33	9ef6d3b1-703b-4764-9afc-add034bbd44f	POST	/auth/signin	undefined
20231115	15:39:35	b24e0a98-87ad-40eb-971d-a01099549c2b	POST	/auth/signin	undefined
20231115	15:39:36	a75d7b2e-a75e-4155-b86b-76b25a09c405	POST	/auth/signin	undefined
20231115	15:39:37	664cba41-d4d0-4978-b4d4-d3bebf2a441b	POST	/auth/signin	undefined
20231115	15:39:57	b12924b1-7707-490a-8922-772338070ec8	POST	/auth/signin	undefined
20231115	15:40:12	453b786d-9072-490a-8efc-8c2ee6bdaeea	POST	/auth/signin	undefined
20231115	15:40:15	c256d11b-9b37-4dd9-8144-97237e143b35	POST	/auth/signinasd	undefined
20231115	15:40:17	a9da05e8-7f76-46c7-8f54-a46f4a92646a	POST	/auth/signin	undefined
20231115	15:40:18	eb15c519-548a-4936-8e82-d7b60d6fca51	POST	/auth/signin	undefined
20231115	15:40:49	4571b814-8b7a-4985-a14c-3992fd515632	POST	/auth/signin	undefined
20231115	15:42:37	46f1f6cc-3501-4bb6-80be-68ccc73950a2	POST	/auth/signout	undefined
20231115	15:42:49	955fd487-fb17-49f6-9d2a-de631bf17c9b	GET	/auth/signout	undefined
20231115	15:42:59	ea1dd584-ba25-4037-9c04-fa740be64d5b	POST	/auth/signin	undefined
20231115	15:47:37	9e155588-4210-4093-be1b-119261cba925	POST	/auth/signin	undefined
20231115	15:47:41	0237de41-f796-4a10-b8b5-bafbedcc7070	POST	/auth/signin	undefined
20231115	15:48:05	923d2b38-a7b6-4716-83fc-273228d6121a	POST	/auth/signup	undefined
20231115	15:57:02	958c9432-165f-44b8-b930-8eb7a02b0b47	POST	/auth/login	undefined
20231115	15:57:07	45a6eef1-306d-4f2d-bf86-14e5805db15b	POST	/auth/signin	undefined
20231115	15:58:28	f4429870-b74b-4e8e-9f38-c33f081c9bf1	GET	/auth/currnet-user	undefined
20231115	15:58:42	ed34e854-a965-48ea-9e2b-7fc2198df9cd	GET	/auth/current-user	undefined
20231115	15:58:55	31a56224-6f4f-4eed-b84e-853733d63ac1	GET	/auth/signout	undefined
20231115	15:58:58	8cbaff47-2f22-481d-a060-bd1674b0d191	GET	/auth/current-user	undefined
20231115	16:04:16	0d3fe99a-8bc7-41ca-8509-b9ebeee6ef62	POST	/auth/create-user	undefined
20231115	16:04:40	de493231-a229-418d-9b07-51279f116f56	POST	/auth/create-user	undefined
20231115	16:04:50	c35641a2-8dbf-40f2-a906-b7338b75ba62	POST	/auth/create-user	undefined
20231115	16:04:56	614e903e-5596-4232-ac91-a984cc8fe244	POST	/auth/create-user	undefined
20231115	16:05:07	62704e6e-5ac2-4f7c-9950-3a3f670aa090	POST	/auth/create-user	undefined
20231115	16:06:09	bb84d1fe-e395-4a90-80a8-acce33ae5d60	POST	/auth/create-user	undefined
20231115	16:07:26	22a4f8fd-42e9-4c8a-bc22-feb06cfd8572	POST	/auth/create-user	undefined
20231115	16:08:22	59d33d5b-7be5-4cd8-8f60-c90def3804c8	GET	/auth/current-user	undefined
20231115	16:08:42	74acd69c-dff6-4c9e-8a36-a3f9a96f9b18	POST	/auth/signin	undefined
20231115	16:08:44	46faa960-5635-4d74-a7b1-cfb84083967b	GET	/auth/current-user	undefined
20231115	16:11:37	246710f4-04d6-40c0-a7d5-b16b52a5a8f0	GET	/auth/current-user	undefined
20231115	16:11:51	d5a3465a-9b8f-47d5-9c12-940cb68edfbd	GET	/auth/current-user	undefined
20231115	16:12:35	6d299643-6e4d-46a6-b9a5-bc912a590f0c	GET	/auth/current-user	undefined
20231115	16:21:10	9b40e549-7989-493c-a674-99002d4931d6	GET	/category	undefined
20231115	16:22:32	c1121838-80ea-45a3-ab82-d95e6a2dbef7	POST	/category/create	undefined
20231115	16:22:54	42cc7744-d373-4dfa-a82d-40c9978b2af3	DELETE	/category/remove/6554a9f8a852cdeafed4150c	undefined
20231115	16:23:09	4e421f9a-a03a-4267-87d3-2219b3211011	DELETE	/category/remove/6554a9f8a852cdeafed4150c	undefined
20231115	16:23:18	852a24aa-0cea-4881-8444-3d1a9b3c5ff2	DELETE	/category/remove/6554a9f8a852cdeafed4150c	undefined
20231115	16:42:35	e633075d-7c0f-4fc7-ad00-c87e3edbb633	POST	/ticket/create	undefined
20231115	16:43:18	283b56be-e2bf-4ed0-a903-c2e1f72df08e	POST	/auth/signin	undefined
20231115	16:43:31	e37ed29b-2ace-4a1a-b337-ecedd5526362	GET	/auth/signout	undefined
20231115	16:43:34	a4856953-ace5-4735-b549-7ced60a7b571	POST	/auth/signin	undefined
20231115	16:43:37	c91092f0-4bad-4427-9c6f-2060a2d3b753	POST	/auth/signin	undefined
20231115	16:43:45	8a574dfd-c5e0-4f1f-a111-e2effe600205	POST	/auth/signin	undefined
20231115	16:44:02	a6527306-b7d7-4b19-8917-7a408bec2c19	POST	/auth/create-user	undefined
20231115	16:44:07	934850ec-8227-4993-899a-020415dcbc86	GET	/auth/signout	undefined
20231115	16:44:11	36aa098a-7e9b-4636-b3e6-09f43a0f68f5	POST	/auth/signin	undefined
20231115	16:44:15	73b01c40-a7e9-4c5c-ae6f-5aa87ee5b337	POST	/ticket/create	undefined
20231115	16:44:28	95d79213-a5da-4e03-9475-dd004abf3ccf	GET	/category	undefined
20231115	16:45:41	45f0724b-e653-4f51-b543-a8f264264084	GET	/test	undefined
20231115	16:45:41	78bb27d6-f992-48ec-a7aa-d60c032643c1	GET	/css/style.css	undefined
20231115	16:45:41	d78a5fa3-de48-4955-b9ef-f892ee12b661	GET	/favicon.ico	undefined
20231115	18:10:24	23f626c1-fb05-4c53-8754-45a81ca48c8d	POST	/ticket/create	undefined
20231115	18:16:21	2f9730d1-177b-4240-a873-bc9b15528753	PUT	/ticket/pick	undefined
20231115	18:16:43	4b987ef9-4ee2-40ed-8e01-3cf5a086c91b	GET	/category	undefined
20231115	18:16:58	038fd55d-7bf8-4e21-afd4-2fc92f4696e6	POST	/auth/create-user	undefined
20231115	18:17:07	ad780972-7249-4fe1-bb15-77ac0a074534	POST	/auth/signin	undefined
20231115	18:17:15	6bd5b4c2-836e-489a-973b-d420a9124d32	PUT	/ticket/pick	undefined
20231115	18:17:41	5fdcff2f-157f-42b0-9dfb-1e690bb3aad1	PUT	/ticket/pick	undefined
20231115	18:20:59	9b520cec-fa64-41db-95e3-7137ae236446	GET	/ticket/	undefined
20231115	18:21:24	1b5258ca-daf8-4f5e-8544-8e7404623ebe	GET	/ticket/	undefined
20231115	18:21:59	a27ee7fd-8cd2-4d3f-ac5a-d05d14d7939d	PUT	/ticket/pick	undefined
20231115	18:22:14	b06cdf10-cf21-4bed-bab4-9a375485a422	POST	/auth/signin	undefined
20231115	18:22:18	fa3bf5ef-f55b-48e3-b63d-27a91f9b3a04	PUT	/ticket/pick	undefined
20231115	18:23:11	5d48e2df-f10e-4c94-92a4-41239e6110f3	PUT	/ticket/pick	undefined
20231115	18:26:02	da1f5674-9f2a-47c5-8e07-3c8ec5a1076e	GET	/ticket/my-picks	undefined
20231115	18:31:09	d560b510-ff07-46cc-8e17-70f83a563206	GET	/ticket/my-picks	undefined
20231115	18:31:33	32c37df4-e144-4d60-bb86-f5ce5389728f	GET	/ticket/	undefined
20231115	18:36:56	079468be-aa6b-4f7b-9289-330099295caf	GET	/ticket/my-picks	undefined
20231115	18:37:17	a2ddc013-b36d-4eb0-a20d-010f920fd0a1	PUT	/ticket/add-comments	undefined
20231115	18:38:13	b5e3521a-2533-4ae3-95cd-e53b5abac42a	PUT	/ticket/add-comments	undefined
20231115	18:39:13	b6427299-e4c3-4fa2-a756-d24a9d6b2622	PUT	/ticket/add-comments	undefined
20231115	18:39:23	441bc1b4-bb73-4909-b04b-a6e15921fb9a	GET	/ticket/	undefined
20231115	18:39:28	86b74692-7bf7-45f3-a5c4-922723155cd8	GET	/ticket/my-picks	undefined
20231115	18:43:11	b599476f-093a-4a2d-abb2-ca9b49190376	PUT	/ticket/add-comment	undefined
20231115	18:43:20	862d7a69-b82c-45cb-a689-0d964fdfdf55	GET	/auth/signout	undefined
20231115	18:43:26	e30878e7-aa09-461f-81c2-fc678abadf1e	GET	/ticket/my-picks	undefined
20231115	18:44:58	7514f66c-609d-4bb0-92e9-ae0fe684c870	GET	/ticket/my-picks	undefined
20231115	18:46:08	6066dc69-ee60-46d7-8b36-b4b9842eb744	POST	/auth/login	undefined
20231115	18:46:15	a878b3ea-8ee5-4e71-bcc4-49a45e72d6ec	POST	/auth/signin	undefined
20231115	18:46:21	a0851772-a0f2-4d8a-a2c7-9e70b5e27d17	PUT	/ticket/add-comment	undefined
20231115	18:57:39	3e324105-2d38-4e7e-8f4c-3f5d2c184c67	GET	/ticket/my-picks	undefined
20231115	19:01:56	52200ced-c5ab-4033-97a2-27ee306a5ff2	GET	/ticket/my-opens	undefined
20231115	19:02:17	5e7219c4-0616-4847-b187-c003cf9b872b	GET	/ticket/my-in-progress	undefined
20231115	19:08:21	a8e4a496-63f4-4136-a50e-db1713727d8b	PUT	/ticket/update-to-resolved	undefined
20231115	19:09:02	001e96aa-dede-4b0f-8418-33df9736d925	PUT	/ticket/update-to-resolved/6554c34105b9fc5589d0424c	undefined
20231115	19:15:36	e0cb23be-7f59-49c1-96b4-427ef3f4983f	GET	/ticket/resolved-tickets	undefined
20231115	19:16:30	4f1cd195-ce2d-4a54-8d64-337d3ffec368	GET	/ticket/my-opens	undefined
20231115	19:28:46	ca56717d-c3ab-4a49-9284-6ff352049090	GET	/ticket/resolved-tickets	undefined
20231115	19:28:52	8fd6421f-6dbf-4c00-84a6-14d21843a1ef	PUT	/ticket/reopen-ticket/6554c34105b9fc5589d0424c	undefined
20231115	19:29:19	d93209b9-24ba-4937-946f-0fee04802577	PUT	/ticket/reopen-ticket/	undefined
20231115	19:30:00	ffc17a0e-889a-47b3-a313-c072cc48a966	PUT	/ticket/reopen-ticket/6554c34105b9fc5589d0424c	undefined
20231115	19:30:08	b0252b11-9da4-4387-9e60-11e0b0c5946f	GET	/ticket/resolved-tickets	undefined
20231115	19:30:49	db31e0f3-d2bb-41c6-8632-0d956a40d938	PUT	/ticket/reopen-ticket/6554c34105b9fc5589d0424c	undefined
20231115	19:30:56	646ee5a8-9ed7-49de-8630-750f63e728c2	GET	/ticket/resolved-tickets	undefined
20231115	19:31:20	86e0e9f2-1b37-4bdd-8702-d69e58dc0b94	GET	/ticket/my-opens	undefined
20231115	19:33:06	72002a41-f851-4574-a69d-ef955bf84a94	GET	/ticket/resolved-tickets	undefined
20231115	19:33:15	7861be32-94b0-40fd-a24b-fbb726cedaf4	PUT	/ticket/update-to-resolved/6554c34105b9fc5589d0424c	undefined
20231115	19:33:22	2919fc9d-9b97-4d9f-93df-2316ae798a4a	GET	/ticket/resolved-tickets	undefined
20231115	19:46:17	9850b76d-726a-47dd-ad41-7b5c5a1d09e2	GET	/auth/signout	undefined
20231115	19:46:28	b54e2a0b-3165-461a-a7c6-3e6562020fbf	POST	/auth/signin	undefined
20231115	19:46:35	9612d96a-aaa5-41dc-8ee2-c027af0931ba	GET	/ticket/my-picks	undefined
20231115	19:46:45	c7834a28-2509-46f5-9da9-b8d8161e947b	GET	/auth/signout	undefined
20231115	19:46:53	bbb8821d-a613-4d69-8a3b-7b98a3c241a9	POST	/auth/signin	undefined
20231115	19:46:59	50415fda-38b5-4b4c-a8b1-5a2a81e42068	POST	/auth/signin	undefined
20231115	19:47:15	acf76c65-5935-4dd0-aabb-9c5416d10c99	POST	/ticket/create	undefined
20231115	19:47:21	15a47cba-96ce-4b60-b5fa-8c8f71943e94	GET	/ticket/my-opens	undefined
20231115	19:47:30	7bb498a6-be3e-4c03-a16f-75b0be3116ef	GET	/auth/signout	undefined
20231115	19:47:40	54a5f936-38cc-458e-bcf9-2c413e67dc9a	POST	/auth/signin	undefined
20231115	19:47:48	35631756-a1ad-4876-85ba-aed052343e2f	GET	/ticket/	undefined
20231115	19:47:59	72683926-f83d-4031-b3f9-b1dfe54fd168	PUT	/ticket/pick	undefined
20231115	19:48:05	cad502a3-0115-42cd-a6d9-84ee336d51ef	GET	/ticket/my-picks	undefined
20231115	19:48:17	1996fb3f-654d-469c-b88f-8b55908cdf78	PUT	/ticket/add-comments	undefined
20231115	19:48:25	914c9b87-cd46-4be9-b746-9736708f9d97	GET	/ticket/my-picks	undefined
20231115	19:52:29	3e9ddc67-0933-4587-8e3a-46b94952f3a7	GET	/ticket/all-tickets	undefined
20231115	19:53:07	e5c61c05-78d3-44fb-a921-e50369001200	GET	/ticket/	undefined
20231115	19:53:16	2246744c-60f5-48fd-a584-569dcc5d5bfa	PUT	/ticket/pick	undefined
20231115	19:53:20	acd0fecd-7056-4a81-a308-6c10adfc1acb	GET	/ticket/my-picks	undefined
20231115	19:53:41	46079b6a-87b7-44f8-9b2b-da355a0afa75	PUT	/ticket/update-to-resolved/65547ea1b361b5da4ec5bfce	undefined
20231115	19:53:53	19c6dd11-7362-481f-a948-f06c18767f32	GET	/ticket/my-picks	undefined
20231115	19:54:13	b42c00fd-9304-4259-b1a5-90f02fda25cb	PUT	/ticket/add-comments	undefined
20231115	20:00:56	3e28fe1c-0f7f-419c-8010-240e97cfd699	GET	/user/available-for-handover	undefined
20231115	20:01:21	049883ed-61a5-4b31-80a7-53184dce80ce	POST	/auth/create-user	undefined
20231115	20:01:26	0e566086-2179-4d12-954a-3cc40315942f	GET	/user/available-for-handover	undefined
20231115	20:01:33	2ae37e64-4ed3-4d02-943a-1de288849969	POST	/auth/create-user	undefined
20231115	20:01:40	a83d39cf-82c1-4891-b066-a3b968111754	GET	/user/available-for-handover	undefined
20231115	20:01:42	db7d1ac9-eca3-4c9a-b6fd-dcdfdb761080	GET	/user/available-for-handover	undefined
20231115	20:02:33	aa63403e-24d8-4fbf-9149-4dbc9941080c	GET	/category	undefined
20231115	20:02:43	145bd095-4c71-4d0e-a22b-9b70def2ab4c	POST	/auth/create-user	undefined
20231115	20:02:54	ef579a2d-8b3a-4c9d-8321-7f7c53ce18ea	GET	/user/available-for-handover	undefined
20231115	20:04:09	4e26b9b8-70f8-4caa-bd5e-e3af821433f7	PUT	/ticket/handover-ticket	undefined
20231115	20:04:45	5529a08a-9dde-4aa9-8ab6-353715e84acf	GET	/ticket/my-picks	undefined
20231115	20:04:52	2b26635c-b304-41d7-b1f5-4c1ad4fdb363	PUT	/ticket/handover-ticket	undefined
20231115	20:04:58	893064f4-df5d-45c2-a8cd-f696f528f83e	GET	/user/available-for-handover	undefined
20231115	20:06:11	38b704d5-9cd2-45f8-bea4-d1491606ff03	POST	/auth/signin	undefined
20231115	20:06:35	f78f09e1-4ca3-4b03-ab2f-6d660b3c684b	PUT	/ticket/handover-ticket	undefined
20231115	20:07:05	45fefd47-6cce-4b9d-9add-ee805f3e0c2c	PUT	/ticket/handover-ticket	undefined
20231115	20:07:18	0f50148d-715b-40ff-a2f2-7b80cafcc551	POST	/auth/signin	undefined
20231115	20:07:25	3b79f48c-5ebb-4aa6-b5b8-06c0b7a59036	PUT	/ticket/handover-ticket	undefined
20231115	20:07:35	c88da8de-2e79-459c-98b9-8b4dde8597a0	PUT	/ticket/handover-ticket	undefined
20231115	20:07:40	55158548-92e0-4fc0-b03f-5faf3e840eba	PUT	/ticket/handover-ticket	undefined
20231115	20:07:51	c79394c1-363a-4a4a-b8a8-39d7007cc2b2	PUT	/ticket/handover-ticket	undefined
20231115	20:08:17	ff74762e-ded7-4787-a331-0448026eea3d	PUT	/ticket/handover-ticket	undefined
20231115	20:08:51	5e314e52-4576-4b7c-8a53-da48137c5c31	GET	/ticket/my-picks	undefined
20231115	20:10:15	65cc3c6c-9434-4cc8-9c15-b0453e3636cc	GET	/ticket/my-picks	undefined
20231115	20:10:47	61ddbf10-0c0d-42f5-939f-88e6a8d9a16a	GET	/ticket/my-picks	undefined
20231115	20:11:15	9ad03e32-6669-42f6-a3ca-8dd16489a90c	GET	/ticket/my-picks	undefined
20231115	20:13:49	e1ade5e1-0ca8-44d5-a1be-ee4647e366a0	GET	/ticket/my-picks	undefined
20231115	20:17:44	243c021f-db0a-46f3-b4ab-cff183fdd26d	GET	/ticket/handover-to-me	undefined
20231115	20:17:48	6d7ccdf8-06f0-455f-9297-71a9bda5c630	GET	/auth/signout	undefined
20231115	20:17:53	1038aae2-4cbb-4bd9-aeb8-2fe0810f69db	POST	/auth/signin	undefined
20231115	20:18:05	7f34d10c-90cd-4507-b969-b91a8a269e62	POST	/auth/signin	undefined
20231115	20:18:11	dec11874-0a55-47a9-a71c-a0d146e1adf4	GET	/ticket/my-picks	undefined
20231115	20:18:18	bee5dc09-fee6-41ea-b083-bbe361fbbb45	GET	/ticket/handover-to-me	undefined
20231115	20:18:23	faf1a429-713b-4025-9694-a2d7bc9a3f04	GET	/auth/signout	undefined
20231115	20:18:29	97c2f56f-099a-4ede-adc0-fce42c70a20b	POST	/auth/signin	undefined
20231115	20:18:33	43941d58-ee6d-4293-90d8-2b8406d7e38d	GET	/ticket/my-picks	undefined
20231115	20:18:37	3f8f8154-8e82-487d-abd7-d398eb6708c8	GET	/ticket/handover-to-me	undefined
20231115	20:21:50	32dcc458-08a8-48e7-93dc-f82045e769bd	GET	/ticket/handover-to-me	undefined
20231115	20:22:11	c32522c1-8143-418d-b9be-107720d114c2	PUT	/ticket/add-comments	undefined
20231115	20:22:16	c8c40911-c718-406e-8c52-3b68bce89397	GET	/ticket/handover-to-me	undefined
20231116	11:59:27	201b8e6b-a791-4378-94b7-38b084800347	GET	/auth/signout	undefined
20231116	11:59:40	3d3193f9-616e-483f-97ed-cb0ff1ebfa21	POST	/auth/signin	undefined
20231116	11:59:54	a8862b46-2987-4ae4-93c1-8f13cb5df245	GET	/ticket/	undefined
20231116	12:00:02	781d9657-4201-4b59-8bc6-cfdd8fe4d129	GET	/ticket/my-picks	undefined
20231116	12:00:18	ac912dca-146b-4d62-8788-a30f2dba0061	GET	/auth/signout	undefined
20231116	12:00:26	21aaea7e-162a-4bdd-8274-aefff32448e1	POST	/auth/signin	undefined
20231116	12:00:43	d0fbec65-8599-4478-86a6-dc915a1d5aa8	GET	/ticket/	undefined
20231116	12:00:49	3bd31234-b632-4897-b758-da196ab8d022	GET	/ticket/my-picks	undefined
20231116	12:00:54	ae933026-2be1-44c5-a469-08a9122edbd6	GET	/ticket/handover-to-me	undefined
20231116	12:01:33	2ab26e0e-d666-4610-b607-efc2c141788c	PUT	/ticket/escalate-to-manager	undefined
20231116	12:02:03	2c99e596-f509-4a27-af02-0b300d0a0759	PUT	/ticket/escalate-to-manager	undefined
20231116	12:02:05	367ee81f-3edb-4f0d-aab7-904571247715	PUT	/ticket/escalate-to-manager	undefined
20231116	12:02:26	b9389514-c840-4b93-9f04-816351170f91	PUT	/ticket/escalate-to-manager	undefined
20231116	12:02:28	bacd4869-66dc-4b45-91a8-4a701db1e3f7	PUT	/ticket/escalate-to-manager	undefined
20231116	12:02:33	803a7330-f9cf-49b0-b8e5-92d6d31f28fc	POST	/ticket/escalate-to-manager	undefined
20231116	12:02:43	8b4bf771-646b-4878-81ff-d8e3caa6233f	POST	/ticket/escalate-to-manager	undefined
20231116	12:03:12	188e3f56-f889-460a-9f01-a4ae151d3140	PUT	/ticket/escalate-to-manager	undefined
20231116	12:03:16	26651bdd-8b4c-4a3c-b398-ee6cc54a40e9	PUT	/ticket/escalate-to-manager	undefined
20231116	12:03:19	05798ea1-c65c-4971-887c-2a3161793a35	PUT	/ticket/escalate-to-manager/	undefined
20231116	12:03:28	2e0f3216-67d2-4684-92e9-e27fc9814b47	PUT	/ticket/escalate	undefined
20231116	12:03:37	011fa0c9-5def-4dc4-9cff-19c2b1043531	PUT	/ticket/escalate	undefined
20231116	12:03:38	cebfcf5d-d6f8-4c0a-8bd2-ec3b033a0cd0	PUT	/ticket/escalate	undefined
20231116	12:03:40	ec69efab-c462-47ae-8776-0bc8022639a9	PUT	/ticket/escalate	undefined
20231116	12:04:13	6bba1942-2b13-41cb-8ec9-433630aab7b1	PUT	/ticket/escalate	undefined
20231116	12:04:32	363008a3-87d0-41b5-89e4-6bb0d4c8c7bd	PUT	/ticket/escalate	undefined
20231116	12:04:44	fa3a938e-eff6-4b4c-ac54-7d3a89baadc6	PUT	/ticket/escalate	undefined
20231116	12:04:57	7ffd8247-5221-4526-9a51-5afb7121690b	GET	/ticket/handover-to-me	undefined
20231116	12:05:28	7dc7d4b9-0dbe-4884-a449-245c56301c42	PUT	/ticket/escalate	undefined
20231116	12:11:25	583f0bfa-793e-454f-9c13-d73fac827213	PUT	/ticket/escalate	undefined
20231116	12:11:30	3ea64f6c-55f5-43fe-9c2e-ea9686c86675	GET	/ticket/handover-to-me	undefined
20231116	12:12:03	d98cb8eb-9541-47ec-b397-9113ed56bbac	GET	/auth/signout	undefined
20231116	12:12:11	e8b676bd-00a5-469e-8800-bcdcf31a8a07	POST	/auth/signin	undefined
20231116	12:12:18	8353d03a-f2cb-4d68-985f-d04f4d4d68a1	POST	/auth/signin	undefined
20231116	12:12:23	84697302-af1c-4b6c-a1df-b5374bf038f4	POST	/auth/signin	undefined
20231116	12:12:33	b71e3729-0185-499a-b119-0ddead331259	POST	/ticket/create	undefined
20231116	12:12:42	b222734f-58c6-4457-806d-47087760cc81	GET	/ticket/my-opens	undefined
20231116	12:13:04	6b63529e-2879-4afb-8dd4-b97008bca541	GET	/auth/signout	undefined
20231116	12:13:12	55a46559-4cb7-4838-b00c-249c4106ed12	POST	/auth/signin	undefined
20231116	12:13:20	617ef013-0115-43dd-b912-52b756a5e632	GET	/ticket/	undefined
20231116	12:13:37	07ef0eef-d40c-410d-a898-54fb493fa463	PUT	/ticket/pick	undefined
20231116	12:13:51	4be45ed5-842a-40b9-92d4-28cc8c030b68	PUT	/ticket/add-comments	undefined
20231116	12:14:12	2b894e98-aeda-4259-93d8-b00eab0cf569	GET	/user/available-for-handover	undefined
20231116	12:14:42	bec777be-9fb5-4355-841b-b2f8ccb328c7	PUT	/ticket/handover-ticket	undefined
20231116	12:15:05	58c9c3de-1c5f-4b2c-9221-e2bab5029899	PUT	/ticket/update-to-resolved/6555c0e2a9cdd3f7590999c7	undefined
20231116	12:16:27	65f77fe6-93e3-4e25-8d98-529a1a24b9b0	PUT	/ticket/update-to-resolved/6555c0e2a9cdd3f7590999c7	undefined
20231116	12:18:08	1c5c4bcf-5eca-4cdc-93e5-1d2f2bf6ad26	PUT	/ticket/escalate	undefined
20231116	12:18:21	573ba9b1-a510-4fd8-baed-7468fb90b3be	GET	/auth/signout	undefined
20231116	12:18:28	bfa4fbd5-75ea-41ce-a9f1-94b3f770900f	POST	/auth/signin	undefined
20231116	12:18:40	51e9bf68-d42d-4074-961c-570213fc58ba	GET	/ticket/handover-to-me	undefined
20231116	12:19:31	d8743f0d-2cb5-45cc-b79b-74aaef0989cf	PUT	/ticket/update-to-resolved/6555c0e2a9cdd3f7590999c7	undefined
20231116	12:28:14	9f8be470-bdbc-41af-99f3-245fe8c9837e	GET	/user/available-for-handover	undefined
20231116	12:28:28	bc640065-b61d-4bfe-b6d0-6b31ef7b95e1	GET	/ticket/resolved-tickets	undefined
20231116	12:28:59	a83db75f-7085-4b1f-ad47-23819b15a679	PUT	/ticket/reopen-ticket/6555c0e2a9cdd3f7590999c7	undefined
20231116	12:29:06	dbc03459-2543-4d3e-83fc-73d5c2579beb	GET	/auth/signout	undefined
20231116	12:29:22	82aca19b-a200-423b-b1c0-beb11b4a8ee1	POST	/auth/signin	undefined
20231116	12:29:29	a3daddfc-a157-483b-8e86-501c5023895a	GET	/ticket/my-opens	undefined
20231116	12:29:35	1ebec6cb-976e-4637-9a6c-e16036b1114c	GET	/ticket/my-in-progress	undefined
20231116	12:30:11	8a8f0bff-f79a-4ef5-ba58-3228ea9e5e3c	POST	/ticket/create	undefined
20231116	12:30:18	5a7ff43e-fc04-431c-983a-b71259105ce0	GET	/auth/signout	undefined
20231116	12:30:29	1754f662-9bc8-491c-8e4b-5d32c17d94af	POST	/auth/signin	undefined
20231116	12:31:01	a0241bab-4dcc-4cee-ae02-b82a74027da5	GET	/ticket/	undefined
20231116	12:31:17	e0c65f49-1b20-462b-9699-76a4e78791f2	PUT	/ticket/pick	undefined
20231116	12:31:28	2e4678f2-09a8-4d87-b429-10067ed7b0a5	PUT	/ticket/add-comments	undefined
20231116	12:31:45	26dfc2f1-0ba5-4d16-9a1f-76aed6599979	PUT	/ticket/escalate	undefined
20231116	12:32:22	c02e5991-e558-4fc2-9aa9-d7e44f91beb3	GET	/auth/signout	undefined
20231116	12:32:29	38d36aec-8908-4906-b831-ad62a9327577	POST	/auth/signin	undefined
20231116	12:32:36	c7814ad4-fb33-4384-b168-2fcf35575c11	POST	/auth/signin	undefined
20231116	12:33:04	27a9ce7e-c5d4-4a99-aba9-1c1af49aabd2	POST	/auth/create-user	undefined
20231116	12:33:22	2db3a355-06cf-4728-8934-1c10f16339a8	POST	/auth/signin	undefined
20231116	12:33:55	a52cb0fa-0139-4a7b-99c4-a9751db9c2c9	GET	/ticket/all-tickets	undefined
20231116	12:35:05	da2f5ab7-8869-4000-b733-03471f5264ce	GET	/ticket/all-escalated-tickets	undefined
20231116	12:35:43	a05f11ec-a60a-4e17-97d8-5f05179ac1cd	PUT	/ticket/assign-ticket	undefined
20231116	12:36:51	d68d9d9f-48a2-418e-b6f1-dadc68e70e75	PUT	/ticket/assign-ticket	undefined
20231116	12:38:09	2cfe6296-354a-42d3-ae98-9da2f0609c2a	POST	/auth/signin	undefined
20231116	12:38:27	65d8e348-a931-4fe6-82b9-6da7e156c7bc	GET	/ticket/my-picks	undefined
20231116	12:41:21	3607921e-04c0-4d2e-9139-0a8106d3812a	POST	/auth/signin	undefined
20231116	12:41:37	8f8676af-c07b-4980-8a90-2ef8b7482248	GET	/ticket/assign-to-me	undefined
20231116	12:42:02	f7c3afa3-e4ed-4fa6-8bb7-4ad9ae2211de	GET	/ticket/all-tickets	undefined
20231116	12:42:16	db7b2e6e-707b-4ded-9f7d-fe206ff17cf9	POST	/auth/signin	undefined
20231116	12:42:40	e89d9b6e-7e95-423b-b362-e80131dae55a	GET	/ticket/assign-to-me	undefined
20231117	12:03:48	158c6bd4-834c-4855-9305-b986322be8ac	GET	/category	http://localhost:3000
20231117	12:03:48	e24fcbd7-ff76-4ac0-952c-a46c496b863e	GET	/category	http://localhost:3000
20231117	12:03:55	4858c439-263d-4aeb-bef3-7ee701bfdb15	GET	/category	http://localhost:3000
20231117	12:03:55	b1c3b6c4-9f11-44af-a294-edf64b1c2ec6	GET	/category	http://localhost:3000
20231117	12:04:45	00452caa-24cd-4590-97ba-2cb505cf2c5a	GET	/category	http://localhost:3000
20231117	12:04:45	8032cd13-c56e-450b-bbc0-769db2d47fbf	GET	/category	http://localhost:3000
20231117	12:07:49	1f9f3b14-6d04-44ed-8960-00aad76007c4	GET	/category	http://localhost:3000
20231117	12:07:50	c2316a8f-6e92-4de9-a699-a98dcc649b89	GET	/category	http://localhost:3000
20231117	12:46:15	978b92c4-f116-4f60-8fd7-0ce6e0d48b1c	OPTIONS	/signin	http://localhost:3000
20231117	12:46:15	0b3cf1ef-812e-4d0c-b47a-600f6d2910d6	POST	/signin	http://localhost:3000
20231117	12:46:50	49b07b8d-fb0f-4cb9-a079-076107e70b4e	OPTIONS	/signin	http://localhost:3000
20231117	12:46:50	93aeb8ed-3e8e-416f-862c-4862dc7b012d	POST	/signin	http://localhost:3000
20231117	12:48:10	af9e151f-ad46-4d0e-8b78-edfef9201059	OPTIONS	/signin	http://localhost:3000
20231117	12:48:10	81135e23-5f26-4a9b-bce8-503e30bb7323	POST	/signin	http://localhost:3000
20231117	12:49:20	5af2003c-307b-4d6b-9a97-79be094b02c2	OPTIONS	/signin	http://localhost:3000
20231117	12:49:20	e5897631-1a9e-4812-af53-983e85b8fcb7	POST	/signin	http://localhost:3000
20231117	12:49:52	398cef50-76f5-4685-9cc4-adc032efbbff	OPTIONS	/signin	http://localhost:3000
20231117	12:49:52	79fb0829-1db4-41dd-b1b8-1d8c45bdd5be	POST	/signin	http://localhost:3000
20231117	12:50:18	8b765611-0f49-46e8-8f3d-e981adbf7b1b	OPTIONS	/signin	http://localhost:3000
20231117	12:50:18	d7bd529b-885a-4e59-a1ad-fbb740c301e1	POST	/signin	http://localhost:3000
20231117	12:51:48	ad7187e9-204e-4166-a9b7-d26ab2207e9c	OPTIONS	/auth/signin	http://localhost:3000
20231117	12:51:48	5139429d-ba7b-4c02-8d04-6af2d1b506e3	POST	/auth/signin	http://localhost:3000
20231117	12:52:01	e53b7ba4-ff95-4b69-af93-57e71d9d4bfc	OPTIONS	/auth/signin	http://localhost:3000
20231117	12:52:01	f8e9b384-93df-4052-990d-26c6550bb265	POST	/auth/signin	http://localhost:3000
20231117	12:55:42	8a1b30fa-4a5c-4b5d-abd2-fa13395fd59e	OPTIONS	/auth/signin	http://localhost:3000
20231117	12:55:42	275c9b5b-648f-4a23-b2cd-8998cd888c83	POST	/auth/signin	http://localhost:3000
20231117	12:56:02	3c35a42f-9b8b-4a44-b195-662f13c33c15	OPTIONS	/auth/signin	http://localhost:3000
20231117	12:56:02	23e90c87-7b70-4731-b6b0-9f2b13d7f8d3	POST	/auth/signin	http://localhost:3000
20231117	12:56:17	2a28ae04-dc50-4502-ba04-7e65adcd6dae	OPTIONS	/auth/signin	http://localhost:3000
20231117	12:56:17	093a9993-ae16-45a8-96e3-06daa40e4be9	POST	/auth/signin	http://localhost:3000
20231117	12:56:42	1f6894ff-70d2-40da-8e51-8e971b72d143	OPTIONS	/auth/signin	http://localhost:3000
20231117	12:56:42	0f352ae1-484b-4701-9f29-cde0941a2969	POST	/auth/signin	http://localhost:3000
20231117	12:57:55	857f5d83-583b-4593-9807-54e22034969e	OPTIONS	/auth/signin	http://localhost:3000
20231117	12:57:55	d8f226dc-68ce-468b-81a0-363f0d0393f4	POST	/auth/signin	http://localhost:3000
20231117	12:58:25	d0b89148-3d88-423a-aa53-659c42eb378c	OPTIONS	/auth/signin	http://localhost:3000
20231117	12:58:25	084cf48a-642b-46b2-ba72-b779132d6312	POST	/auth/signin	http://localhost:3000
20231117	12:58:27	ca6c37e5-0999-47a9-b9d5-b43a365d565c	POST	/auth/signin	http://localhost:3000
20231117	12:58:30	3e6fc6f1-94ea-4467-9b9f-73d8f6cea910	OPTIONS	/auth/signin	http://localhost:3000
20231117	12:58:30	4b59d0b4-adab-4da8-86a7-bcfe3e9b1446	POST	/auth/signin	http://localhost:3000
20231117	13:00:47	3a27476b-f6c4-4610-96e4-c713e4da543a	GET	/auth/current-user	http://localhost:3000
20231117	13:00:47	76c471a5-0a67-4015-a394-9dd7e0e1315f	GET	/auth/current-user	http://localhost:3000
20231117	13:00:52	6b431af3-4452-46d8-8317-cb3264efba7b	GET	/auth/current-user	http://localhost:3000
20231117	13:00:52	7f3bca8b-0b79-4ee9-92e0-825d27e2b31c	GET	/auth/current-user	http://localhost:3000
20231117	13:01:18	26b4ddfa-866f-42fc-927d-67f5f55af23d	GET	/auth/current-user	http://localhost:3000
20231117	13:01:18	52bd4a78-6a02-4f45-a3f6-80c87d354901	GET	/auth/current-user	http://localhost:3000
20231117	13:02:16	343c9467-09d8-40ee-b3b1-42bcc9491c8f	GET	/auth/current-user	http://localhost:3000
20231117	13:02:17	649b6894-13ad-43cc-8317-eff7226e8a51	GET	/auth/current-user	http://localhost:3000
20231117	13:10:07	112cc2aa-23c1-4ddd-9443-a969e6ec9cff	OPTIONS	/auth/signin	http://localhost:3000
20231117	13:10:07	23d7ae9f-9d8c-404e-aa16-d45e580b5d5e	POST	/auth/signin	http://localhost:3000
20231117	15:49:40	e54fb464-205a-4493-89ae-38ccf18ab042	GET	/auth/current-user	http://localhost:3000
20231117	15:49:40	1c8126fb-5029-427f-a9e6-f8286967fa7d	GET	/auth/current-user	http://localhost:3000
20231124	00:23:34	61e0f084-e2a5-4816-a92d-4d2dfa889d44	GET	/auth/current-user	http://localhost:3000
20231124	00:23:34	492ed452-a9fa-4bf8-920e-6e52ab44c831	GET	/auth/current-user	http://localhost:3000
20231124	00:23:40	9d6151a3-7f52-4a87-afc1-7d4a043a45b3	OPTIONS	/auth/signin	http://localhost:3000
20231124	00:23:40	afb3b7f4-85a7-4bad-90a6-09938ff70c51	POST	/auth/signin	http://localhost:3000
20231124	00:23:57	1c5deaa6-514e-4515-8618-b4692a885066	OPTIONS	/auth/signin	http://localhost:3000
20231124	00:23:57	9db682d2-7078-46bf-b100-8d94d5586133	POST	/auth/signin	http://localhost:3000
20231124	00:24:18	042731d9-3e85-438a-a9d3-c17a47277697	OPTIONS	/auth/signin	http://localhost:3000
20231124	00:24:18	0cfadf83-a675-4562-9e6b-06a51507be27	POST	/auth/signin	http://localhost:3000
20231124	00:25:12	0a57338b-f6f4-4162-b03d-61be71a8b1a2	OPTIONS	/auth/signin	http://localhost:3000
20231124	00:25:12	bb9d41f9-6f7e-400a-bb6a-d2ce487f6b17	POST	/auth/signin	http://localhost:3000
20231124	00:27:06	73381ff8-1c85-471a-b8f8-4a08169ca1cb	OPTIONS	/auth/signin	http://localhost:3000
20231124	00:27:06	eb077879-2ba4-48ac-870a-b42c3cee787d	POST	/auth/signin	http://localhost:3000
20231124	00:27:45	1b6b4bbf-0309-40b8-be4a-dc6b8f1a8564	OPTIONS	/auth/signin	http://localhost:3000
20231124	00:27:45	69d4162f-4304-4653-aea8-53e8086b73ed	POST	/auth/signin	http://localhost:3000
20231124	00:28:27	d9881578-e81d-4c56-9c64-d8ea59a900c6	GET	/auth/current-user	http://localhost:3000
20231124	00:28:27	7dbbe111-48ce-4393-81d0-902534e96cfb	GET	/auth/current-user	http://localhost:3000
20231124	00:28:33	5601ec16-1029-4cd1-909b-c3b0eae4bbc1	GET	/auth/current-user	http://localhost:3000
20231124	00:28:33	782e1cd8-5447-422a-87ca-4a81f369ebf6	GET	/auth/current-user	http://localhost:3000
20231124	00:28:37	029f10b1-e081-4f18-ad67-996d2c08dd60	OPTIONS	/auth/signin	http://localhost:3000
20231124	00:28:37	e274cd26-b2cc-43c6-ad79-de292e66d99e	POST	/auth/signin	http://localhost:3000
20231124	00:28:41	d47377c4-e8f3-486c-8f2d-74083fef3460	GET	/auth/current-user	http://localhost:3000
20231124	00:28:41	66280a37-b499-4967-a387-4d0961af69dc	GET	/auth/current-user	http://localhost:3000
20231124	00:31:56	995a4267-1928-4620-b42a-a18837e8b1f7	GET	/auth/current-user	http://localhost:3000
20231124	00:31:56	613fda28-306a-41ee-be0b-bfa2f050f013	GET	/auth/current-user	http://localhost:3000
20231124	00:32:13	5895ce26-fdac-4b67-84de-4e5eb72f9326	GET	/auth/current-user	http://localhost:3000
20231124	00:32:13	9cb69f26-2724-4719-98da-cba3fd90497a	GET	/auth/current-user	http://localhost:3000
20231124	00:32:20	9c6624a1-661b-494c-97d6-393dc754f490	GET	/auth/current-user	http://localhost:3000
20231124	00:32:20	41c82060-d6af-43ba-b34b-11e1922d59de	GET	/auth/current-user	http://localhost:3000
20231124	00:32:40	f2841962-5fd3-480c-91c9-450c8c8de4c9	OPTIONS	/auth/signin	http://localhost:3000
20231124	00:32:40	175c7eeb-36d8-46b2-b97d-348b8ee176dd	POST	/auth/signin	http://localhost:3000
20231124	00:32:48	519679a3-4741-450f-a345-f6d2f1b2ff91	OPTIONS	/auth/signin	http://localhost:3000
20231124	00:32:48	f3ca8ddc-a891-402a-affb-53919945fd3c	POST	/auth/signin	http://localhost:3000
20231124	00:35:18	4b8d8a75-e487-4005-9dd7-508cb78dab27	GET	/auth/current-user	http://localhost:3000
20231124	00:35:18	e30976d3-810a-42b8-b9a4-7c24f433ca44	GET	/auth/current-user	http://localhost:3000
20231124	00:35:31	581982d1-97bd-4b4c-9116-b5da6257ac54	GET	/auth/current-user	http://localhost:3000
20231124	00:35:31	7e6747cc-ebe9-444c-86d5-2e724b890f68	GET	/auth/current-user	http://localhost:3000
20231124	00:37:53	6e089ba8-38eb-46d1-addd-ab296687ae5e	GET	/auth/current-user	http://localhost:3000
20231124	00:37:54	c0d3317f-0ce6-427c-aea6-1fcaa7374ce1	GET	/auth/current-user	http://localhost:3000
20231124	00:38:05	6eb15a79-0d5e-4af0-b6fa-4c7546150e61	OPTIONS	/auth/signin	http://localhost:3000
20231124	00:38:05	7dd808c6-30a5-495f-be17-57a594cf6d41	POST	/auth/signin	http://localhost:3000
20231124	00:38:05	86839aab-5ef1-4859-aa5a-4c8abc1d7f39	GET	/auth/current-user	http://localhost:3000
20231124	00:47:19	74a2c24d-65dd-4156-ba0f-e89cf5626470	OPTIONS	/auth/signin	http://localhost:3000
20231124	00:47:19	744d1b47-4ee3-45a8-b3ce-e74c211bc0bd	POST	/auth/signin	http://localhost:3000
20231124	00:48:55	77c835e1-7c5c-487d-a8fe-ee181e836981	OPTIONS	/auth/signin	http://localhost:3000
20231124	00:48:55	6b5f0826-9693-4ab8-b49d-2abf0fd7e60a	POST	/auth/signin	http://localhost:3000
20231124	00:49:03	10acfbbe-676f-4a69-94d5-cb8946352746	OPTIONS	/auth/signin	http://localhost:3000
20231124	00:49:03	938b6ad5-a269-4890-be87-33952352d864	POST	/auth/signin	http://localhost:3000
20231124	00:49:12	88e143cf-1906-4f2a-ba87-fab1f4565c25	OPTIONS	/auth/signin	http://localhost:3000
20231124	00:49:12	4d252c33-e727-4263-9839-6fb29e36e34d	POST	/auth/signin	http://localhost:3000
20231124	00:49:20	e818ae79-27c8-489f-a565-25555814b17d	OPTIONS	/auth/signin	http://localhost:3000
20231124	00:49:20	e65f6fdd-c71d-4cef-9e23-449df7ec126e	POST	/auth/signin	http://localhost:3000
20231124	00:49:25	a536668e-81b1-45d6-80fe-762467985504	POST	/auth/signin	http://localhost:3000
20231124	00:49:28	9353fd51-f4d8-43b9-b530-b8fe21478f3a	OPTIONS	/auth/signin	http://localhost:3000
20231124	00:49:28	006ea215-b0a7-4a0f-8826-08f9c445f39c	POST	/auth/signin	http://localhost:3000
20231124	00:54:32	be315d0e-c848-40a7-938a-407dd7ecef65	OPTIONS	/category	http://localhost:3000
20231124	00:54:32	d8af9ed6-ab82-4cbe-8cc3-a31b84107303	OPTIONS	/category	http://localhost:3000
20231124	00:54:32	3e74b164-1aa2-49ed-8e89-7fe9111f4702	GET	/category	http://localhost:3000
20231124	00:54:32	83ceb026-43f3-4c3f-9df3-fc931f201bed	GET	/category	http://localhost:3000
20231124	00:54:58	10080f97-7c4b-429b-98de-5441c0a8fcd8	OPTIONS	/auth/signin	http://localhost:3000
20231124	00:54:58	04d3f89b-172b-407d-ac16-7a2bca4f9843	POST	/auth/signin	http://localhost:3000
20231124	00:55:02	91c13de0-be7f-45d9-8c3b-3b43e48c2b32	POST	/auth/signin	http://localhost:3000
20231124	00:55:10	23abccf5-b307-48ee-8c46-38dfc9ed6356	OPTIONS	/auth/signin	http://localhost:3000
20231124	00:55:10	7b5152b4-0b3c-4681-b214-eb338d365ed6	POST	/auth/signin	http://localhost:3000
20231124	00:55:15	11adac7d-e7ca-4d05-8512-b78db916747d	POST	/auth/signin	http://localhost:3000
20231124	00:55:20	868099d0-105c-4325-9b0c-f0d59d6276da	OPTIONS	/auth/signin	http://localhost:3000
20231124	00:55:20	acbe6a6d-033c-4e69-bee5-adaada982509	POST	/auth/signin	http://localhost:3000
20231124	00:58:46	7e15e1ce-351d-4b86-9c93-1643224e33b6	OPTIONS	/auth/signin	http://localhost:3000
20231124	00:58:46	69cb8106-618c-41c7-9f8a-fec36630c218	POST	/auth/signin	http://localhost:3000
20231124	00:58:55	1d8a8fac-91ef-4346-9d18-0387263b4433	OPTIONS	/auth/signin	http://localhost:3000
20231124	00:58:55	a19b523f-9625-458a-aa96-069fbde78c02	POST	/auth/signin	http://localhost:3000
20231124	00:58:56	cd59a9c2-eebf-4daf-8137-17102d059ee8	OPTIONS	/current-user	http://localhost:3000
20231124	00:58:56	ef3683e4-32c7-4781-9987-026c0d28f5c0	OPTIONS	/current-user	http://localhost:3000
20231124	00:58:56	adb752ea-08d0-43be-b950-3704a650dde4	GET	/current-user	http://localhost:3000
20231124	00:58:56	0a78ddad-fb9c-433c-a328-e426df8dc44f	GET	/current-user	http://localhost:3000
20231124	00:59:54	549edf43-f815-4c8a-b0a0-10c05abdeaaa	OPTIONS	/auth/current-user	http://localhost:3000
20231124	00:59:54	d1400d15-9162-495d-a770-75154ee8d7ae	OPTIONS	/auth/current-user	http://localhost:3000
20231124	00:59:54	a41bcf83-b06f-417a-9652-8fda1cad93d7	GET	/auth/current-user	http://localhost:3000
20231124	00:59:55	5fda14e9-7b24-4f15-8b46-101baafbf8ba	GET	/auth/current-user	http://localhost:3000
20231124	01:00:41	df0cafce-5999-47cb-81de-89a7e0cb9a8f	OPTIONS	/auth/current-user	http://localhost:3000
20231124	01:00:41	b801285f-3e48-448a-a890-f351ff47642f	GET	/auth/current-user	http://localhost:3000
20231124	01:00:57	cb2f2e1b-7cee-4d69-a728-65229b8bece8	OPTIONS	/auth/current-user	http://localhost:3000
20231124	01:00:57	48f0d50e-f46c-4879-b233-10695e1cd069	GET	/auth/current-user	http://localhost:3000
20231124	01:02:26	90369972-ca06-4edd-bb18-1f5a1233af02	OPTIONS	/auth/current-user	http://localhost:3000
20231124	01:02:26	7e4fd53e-9462-46b6-92dc-d742015cfa4d	GET	/auth/current-user	http://localhost:3000
20231124	01:02:39	fb4b3263-6757-4224-8d7d-8c25d4b04573	OPTIONS	/auth/current-user	http://localhost:3000
20231124	01:02:39	ddfc9246-2c54-4418-8913-7c467921797c	GET	/auth/current-user	http://localhost:3000
20231124	01:03:12	de12a753-4d27-4f25-a5cc-300195138851	OPTIONS	/auth/current-user	http://localhost:3000
20231124	01:03:12	610542e5-ab65-4a5c-ad02-f51a3e798ba2	GET	/auth/current-user	http://localhost:3000
20231124	01:03:52	8df03a63-e4b1-4835-bfbc-06e4a24288f1	OPTIONS	/auth/current-user	http://localhost:3000
20231124	01:03:52	f1009583-f514-46e6-abb8-a761df93dd36	GET	/auth/current-user	http://localhost:3000
20231124	01:04:08	cb1a27e0-ba27-4680-81e3-699d85a76b93	OPTIONS	/auth/current-user	http://localhost:3000
20231124	01:04:08	4b836c60-14ea-41df-9fbd-7a5f0daf4aeb	GET	/auth/current-user	http://localhost:3000
20231124	01:04:49	7f2e5f0f-45f7-4ef9-820f-1f8062074ceb	OPTIONS	/auth/current-user	http://localhost:3000
20231124	01:04:49	46852e82-5153-4557-b65e-f2d606406458	GET	/auth/current-user	http://localhost:3000
20231124	01:05:58	f81a0fc0-b26f-4219-ae95-cb418d541a58	OPTIONS	/auth/signin	http://localhost:3000
20231124	01:05:58	ebe7fc11-a2cc-4a5b-a8b1-b7f8e8a7dc5d	POST	/auth/signin	http://localhost:3000
20231124	01:06:01	aca6d96b-19a8-428a-9f92-ea449e94494b	POST	/auth/signin	http://localhost:3000
20231124	01:06:02	27c35fa5-6591-428d-a382-65978b5cafeb	OPTIONS	/auth/current-user	http://localhost:3000
20231124	01:06:02	ff3a2136-a389-4e4f-91bb-19a36064b9bc	OPTIONS	/auth/current-user	http://localhost:3000
20231124	01:06:02	d463b26c-f463-41d2-9e59-60a586d090f7	GET	/auth/current-user	http://localhost:3000
20231124	01:06:02	ceee499a-cf8e-47d6-906b-52aae0e644e5	GET	/auth/current-user	http://localhost:3000
20231124	01:06:32	bbee01b0-608b-4f52-b74c-91017e00c287	OPTIONS	/auth/current-user	http://localhost:3000
20231124	01:06:32	2578b6ea-029a-4a07-9168-1aca581847f8	GET	/auth/current-user	http://localhost:3000
20231124	01:08:01	b3c5c05e-0af2-4d85-a34c-f88eb160e189	OPTIONS	/auth/current-user	http://localhost:3000
20231124	01:08:01	c8257154-468a-4100-9569-91a826554f31	GET	/auth/current-user	http://localhost:3000
20231124	01:09:16	ad070060-e473-4004-93fa-35460a48df36	OPTIONS	/auth/current-user	http://localhost:3000
20231124	01:09:16	5c7eca74-8dc6-4271-bf6a-f20a78bcfd77	GET	/auth/current-user	http://localhost:3000
20231124	01:09:17	8250178a-0e9e-4a8f-b16d-4feab12790bb	GET	/auth/current-user	http://localhost:3000
20231124	01:09:17	866f64bf-a39b-4e68-8d17-7fcd4e2ef2cb	GET	/auth/current-user	http://localhost:3000
20231124	01:09:18	d5a42d1d-18d3-42eb-b403-074caf9dd628	GET	/auth/current-user	http://localhost:3000
20231124	01:09:18	3855cb35-76b9-4985-baab-a87f6839ba72	GET	/auth/current-user	http://localhost:3000
20231124	01:09:19	22c5ed20-09b2-4792-8a6e-e5fb68d57635	GET	/auth/current-user	http://localhost:3000
20231124	01:09:20	3807c8f2-8357-4b1c-ab74-9d5f42ed1a5f	GET	/auth/current-user	http://localhost:3000
20231124	11:42:43	4369378b-ec06-4d83-8f02-77d7f0981a24	OPTIONS	/auth/current-user	http://localhost:3000
20231124	11:42:43	2aa2dc6d-e2b8-43dd-a9d4-383c1595d49c	GET	/auth/current-user	http://localhost:3000
20231124	11:42:46	3a9f50e6-575d-4fcb-acf9-ea8bf2e53529	GET	/auth/current-user	http://localhost:3000
20231124	11:42:46	493bba30-4405-4cc7-97f5-953cb9e806b6	GET	/auth/current-user	http://localhost:3000
20231124	11:43:00	7d51d240-6314-4b25-9afd-9b6281d99e34	OPTIONS	/auth/current-user	http://localhost:3000
20231124	11:43:00	b8cc18c0-9491-4042-9bb6-6396183fc123	OPTIONS	/auth/current-user	http://localhost:3000
20231124	11:43:00	f23b3fe3-fb6f-445a-a588-162895afaa05	GET	/auth/current-user	http://localhost:3000
20231124	11:43:00	851e67f3-ab8b-4d32-813c-41b7ef553443	GET	/auth/current-user	http://localhost:3000
20231124	11:43:01	ff42a3d6-329d-4302-8c3b-2fcdf3371298	GET	/auth/current-user	http://localhost:3000
20231124	11:43:01	d5d67b65-0cfb-427d-bcac-e2483f906cd2	GET	/auth/current-user	http://localhost:3000
20231124	11:43:01	624750f9-152b-4793-aa59-16e2c5590ddb	GET	/auth/current-user	http://localhost:3000
20231124	11:43:02	c14dfc20-1e53-4ea3-a3b2-cb564eceff31	GET	/auth/current-user	http://localhost:3000
20231124	11:43:02	757dd7fa-639f-4c9a-9a00-11de2babd252	GET	/auth/current-user	http://localhost:3000
20231124	11:43:03	62b05b56-9588-4b93-9b37-839f65a81d27	GET	/auth/current-user	http://localhost:3000
20231124	11:43:27	2aa52b05-2e6a-4db6-84d7-29a44902fd81	OPTIONS	/auth/signin	http://localhost:3000
20231124	11:43:27	8ef86501-e0f0-4e62-9dde-1fe7d50f6b0b	POST	/auth/signin	http://localhost:3000
20231124	11:43:27	7da70af4-1d30-4fda-b646-d070b0dd84d6	OPTIONS	/auth/current-user	http://localhost:3000
20231124	11:43:28	0be24103-25e9-4c96-802d-8ae8a45eacaa	GET	/auth/current-user	http://localhost:3000
20231124	11:43:28	2484317a-ff62-4303-91ca-d163da23b740	GET	/auth/current-user	http://localhost:3000
20231124	11:43:28	408531cd-616d-4d37-b455-01ee351ac73e	GET	/auth/current-user	http://localhost:3000
20231124	11:46:49	921e254c-7f7b-453e-9513-83b85ea57b17	OPTIONS	/auth/current-user	http://localhost:3000
20231124	11:46:49	7903697d-711a-4a85-b697-fc050b645c59	OPTIONS	/auth/current-user	http://localhost:3000
20231124	11:46:49	3ef25388-2af8-4fd9-b43e-ae2c6cb047f7	GET	/auth/current-user	http://localhost:3000
20231124	11:46:50	223db4db-ef2b-4c59-bb12-3f7e6b69299c	GET	/auth/current-user	http://localhost:3000
20231124	11:46:50	a90e9e54-6249-4776-80b3-61a1c07316c8	GET	/auth/current-user	http://localhost:3000
20231124	11:46:50	fffb1d46-6ddc-4c1a-806c-dcee8902284e	GET	/auth/current-user	http://localhost:3000
20231124	11:50:24	21bd6a56-aff0-4682-b7bd-4608c221e7a4	OPTIONS	/auth/current-user	http://localhost:3000
20231124	11:50:24	66663c44-794d-45c4-b4df-706bc04b3356	OPTIONS	/auth/current-user	http://localhost:3000
20231124	11:50:24	cb7683c0-1ae0-427b-aede-d5258eba3b9b	GET	/auth/current-user	http://localhost:3000
20231124	11:50:24	f2631be8-5110-4083-b765-5659400fcf5c	GET	/auth/current-user	http://localhost:3000
20231124	11:50:26	7416b346-96f7-43a6-8a8c-82bb0633d7c4	GET	/auth/current-user	http://localhost:3000
20231124	11:50:26	3f159035-de74-4bf5-8113-02364cbc47a1	GET	/auth/current-user	http://localhost:3000
20231124	11:50:26	c3ee1ef5-89ed-4832-abdb-fbce54843ea9	GET	/auth/current-user	http://localhost:3000
20231124	11:50:26	0ab10c99-5392-4d19-97e1-107868963aa3	GET	/auth/current-user	http://localhost:3000
20231124	11:50:28	0db77c6d-eff7-44f7-a036-9daac9d79281	GET	/auth/current-user	http://localhost:3000
20231124	11:50:30	dbd0ebf0-3cc5-4f31-a6b7-7e1de9afdb89	GET	/auth/current-user	http://localhost:3000
20231124	11:50:30	78874906-7aaf-4a97-b8e2-e4ecea25eca3	OPTIONS	/auth/current-user	http://localhost:3000
20231124	11:50:30	61fb7c33-d5cf-46e5-a919-ea50e4265603	OPTIONS	/auth/current-user	http://localhost:3000
20231124	11:50:32	a49025e6-b017-4584-a13e-029ff1246bd7	GET	/auth/current-user	http://localhost:3000
20231124	11:50:35	feaa7a0a-8320-4d0c-988a-deeb47d6c0ce	GET	/auth/current-user	http://localhost:3000
20231124	11:50:35	ffa45b5f-72c7-40f4-a0cf-2845bf508fef	OPTIONS	/auth/current-user	http://localhost:3000
20231124	11:50:35	1d1c0227-1dda-446c-b61c-d707e42c903f	OPTIONS	/auth/current-user	http://localhost:3000
20231124	11:50:37	fef82dc7-d2d5-4df0-9479-fdc47ffebc31	GET	/auth/current-user	http://localhost:3000
20231124	11:50:43	9ac38116-beee-4d12-9bf8-936ea9b8fc15	GET	/auth/current-user	http://localhost:3000
20231124	11:50:46	b465f777-baf6-4906-a53d-7d3c24bd38e9	GET	/auth/current-user	http://localhost:3000
20231124	11:50:47	3e966a15-e952-4932-874b-852507821427	GET	/auth/current-user	http://localhost:3000
20231124	11:50:49	ccfbb538-2341-4a5e-894f-2a4899176499	GET	/auth/current-user	http://localhost:3000
20231124	11:50:49	3a2a6351-52cb-49aa-86e3-953b4dd0979d	OPTIONS	/auth/current-user	http://localhost:3000
20231124	11:50:52	8697acc8-06e6-4780-83e1-f02b41c92505	GET	/auth/current-user	http://localhost:3000
20231124	11:51:15	460f2948-5736-4af1-8ca0-c5a83577893f	OPTIONS	/auth/signin	http://localhost:3000
20231124	11:51:15	f9f4908a-5030-43e5-b4d0-3cfa5cbb6704	POST	/auth/signin	http://localhost:3000
20231124	11:51:17	b65da1d4-8b05-4f04-9f49-1e75d7d2131d	OPTIONS	/auth/current-user	http://localhost:3000
20231124	11:51:17	a5af4469-57f1-4391-b045-49a2e8026fa8	GET	/auth/current-user	http://localhost:3000
20231124	11:51:19	c124c5f0-a6a3-43a4-903b-f7e6ba0d1b47	GET	/auth/current-user	http://localhost:3000
20231124	11:51:20	753441d5-3a71-4028-9cae-1c7f2a23e8c9	GET	/auth/current-user	http://localhost:3000
20231124	11:51:23	4b31175f-6267-47a3-9a74-74a0dc5860d8	GET	/auth/current-user	http://localhost:3000
20231124	11:51:23	4cf3dd85-6713-4b6e-a889-89e2cc581c43	OPTIONS	/auth/current-user	http://localhost:3000
20231124	11:51:25	1fa0ffd3-e435-47d6-a247-077028125db5	GET	/auth/current-user	http://localhost:3000
20231124	11:51:50	bb545cc6-ab2e-4cdf-a4fa-423ae94df8c8	OPTIONS	/auth/signin	http://localhost:3000
20231124	11:51:50	4612022b-cb11-4f38-bbbf-23297e3fd067	POST	/auth/signin	http://localhost:3000
20231124	11:51:51	33e736ee-5983-4bd2-a5c4-c158cac927be	OPTIONS	/auth/current-user	http://localhost:3000
20231124	11:51:51	066e9a14-77e7-4a23-97b1-4458d64cbcf1	GET	/auth/current-user	http://localhost:3000
20231124	11:51:54	4b59c243-591d-4a10-bfd4-ae2b1263894c	GET	/auth/current-user	http://localhost:3000
20231124	11:51:56	a2dc0f00-9feb-40bd-89fa-2db2a73ad8d5	GET	/auth/current-user	http://localhost:3000
20231124	11:51:56	70a5f67c-3bff-4cb7-9a4f-0431a2788ecf	OPTIONS	/auth/current-user	http://localhost:3000
20231124	11:51:59	1f056242-80f7-4a0c-a33d-db8e42abd99e	GET	/auth/current-user	http://localhost:3000
20231124	11:52:00	215ccc42-c2e8-4474-b74d-505513d73beb	GET	/auth/current-user	http://localhost:3000
20231124	11:52:01	3d3b6240-a39e-4c6c-8864-565c10fe1de6	GET	/auth/current-user	http://localhost:3000
20231124	11:52:47	29d395e2-f328-4f60-aebd-0af4840799e6	OPTIONS	/auth/signin	http://localhost:3000
20231124	11:52:47	5bd4acf9-a144-45df-ad33-85086a3a4fa8	POST	/auth/signin	http://localhost:3000
20231124	11:52:48	637ee6e6-cfda-44ce-be3c-d731e81f9701	OPTIONS	/auth/current-user	http://localhost:3000
20231124	11:52:48	6d09e41a-da98-4c6d-9f58-961498c0f757	GET	/auth/current-user	http://localhost:3000
20231124	11:52:48	70b4b255-4577-42c2-83b8-76857d14c108	GET	/auth/current-user	http://localhost:3000
20231124	11:52:48	b7ab2f4c-b020-4099-90cd-62735ff9433c	GET	/auth/current-user	http://localhost:3000
20231124	11:54:35	c00fb851-8ada-4802-bdb2-674c9f910856	OPTIONS	/auth/signin	http://localhost:3000
20231124	11:54:35	daf297d5-1648-4ab0-8c6c-6d6351303949	POST	/auth/signin	http://localhost:3000
20231124	11:54:35	d4d90324-2b8c-400e-bc61-22cf89494103	OPTIONS	/auth/current-user	http://localhost:3000
20231124	11:54:35	95cbc98d-4d4f-4b8b-85ad-0de262f83303	GET	/auth/current-user	http://localhost:3000
20231124	11:54:35	d90df36b-3083-4ea6-89e3-44871a13d9e1	GET	/auth/current-user	http://localhost:3000
20231124	11:54:36	5db24fd5-9bcd-4a1e-96ad-a01e1a3afb38	GET	/auth/current-user	http://localhost:3000
20231124	11:54:40	c64ca85f-662f-4262-8897-f206d5a43a13	OPTIONS	/category	http://localhost:3000
20231124	11:54:40	d2a02190-4512-4116-9399-687c85f98899	OPTIONS	/category	http://localhost:3000
20231124	11:54:40	f8785c4e-723d-444d-bcd8-6735e2bde8bb	GET	/category	http://localhost:3000
20231124	11:54:40	c570d061-199d-435d-988e-4f5507e35ac3	GET	/category	http://localhost:3000
20231124	11:54:45	26efdc2c-b650-4744-9630-6d063aeebac0	GET	/category	http://localhost:3000
20231124	11:54:46	d1aba5dd-c4c5-4006-b5f5-f0e4e39749ee	GET	/category	http://localhost:3000
20231124	11:54:48	fee22472-2822-40c5-8ae7-7be9dc2abee7	OPTIONS	/auth/current-user	http://localhost:3000
20231124	11:54:48	75a66484-4f24-4326-bcf7-8582fb56000f	GET	/auth/current-user	http://localhost:3000
20231124	11:54:50	50beeb68-fd0d-4546-b5bf-0d0f1a202f2f	GET	/auth/current-user	http://localhost:3000
20231124	11:54:51	854e2d6e-dfd0-45ee-906f-df010620b62f	GET	/auth/current-user	http://localhost:3000
20231124	11:54:52	ba221159-3f22-4cec-925c-3bed43d752e9	OPTIONS	/category	http://localhost:3000
20231124	11:54:52	4baed140-d5df-4c31-b2ec-ce84aa381b6f	OPTIONS	/category	http://localhost:3000
20231124	11:54:52	5aaa2f1b-4334-4d0b-948a-52ed12968ab5	GET	/category	http://localhost:3000
20231124	11:54:52	e495f5d8-2b91-49fc-81a5-470f29a1ab0a	GET	/category	http://localhost:3000
20231124	12:00:20	373254cd-b47f-4a06-91a5-37e4221ee66d	OPTIONS	/category	http://localhost:3000
20231124	12:00:20	f1f43157-17e9-40b4-a8c0-164aaaade30f	GET	/category	http://localhost:3000
20231124	12:00:20	2b7dad86-4829-4e31-86fb-2f500463c47b	OPTIONS	/auth/current-user	http://localhost:3000
20231124	12:00:20	cf3d1080-1235-4e9d-9fe2-665e0107aee5	OPTIONS	/auth/current-user	http://localhost:3000
20231124	12:00:20	5d3d0e30-8458-4821-807a-0abc41cbc25d	GET	/auth/current-user	http://localhost:3000
20231124	12:00:23	a90a10a2-ff38-42cb-b808-32fcae16dc55	GET	/category	http://localhost:3000
20231124	12:00:23	29107e01-56cf-435b-b113-ae66e6403c20	GET	/auth/current-user	http://localhost:3000
20231124	12:03:23	ef663ebf-525a-4c2b-bcbb-7ddfe0c90a96	OPTIONS	/category	http://localhost:3000
20231124	12:03:23	f26ecf9f-3acd-42c1-ab05-915ad0ae55dc	GET	/category	http://localhost:3000
20231124	12:03:23	19f6a6d2-1de6-41d6-be6e-b1b49e16f4e1	OPTIONS	/auth/current-user	http://localhost:3000
20231124	12:03:23	0e2590ca-1550-4974-aa4a-a08abb8a44e3	OPTIONS	/auth/current-user	http://localhost:3000
20231124	12:03:23	0ab402e1-0042-404d-9d10-6ff70e5c08f7	GET	/auth/current-user	http://localhost:3000
20231124	12:03:23	ffc47162-0703-494c-a4b1-1155ad39f459	GET	/category	http://localhost:3000
20231124	12:03:23	7de22844-2092-43cb-afef-a743c8c2946a	GET	/auth/current-user	http://localhost:3000
20231124	12:03:24	80fccafe-a559-4209-9420-8e91a028fde6	GET	/category	http://localhost:3000
20231124	12:03:24	cee313b3-4fcd-4b72-bc68-7ac291eb0a5d	GET	/auth/current-user	http://localhost:3000
20231124	12:03:24	790e822c-6b21-46bb-9a3c-87472590e85f	GET	/category	http://localhost:3000
20231124	12:03:24	177028c5-34c6-49fb-b62e-628822ec5405	GET	/auth/current-user	http://localhost:3000
20231124	12:03:27	92aa5234-1e49-4614-b796-c0f9687014cd	GET	/category	http://localhost:3000
20231124	12:03:27	f69f403a-c6cc-43b7-9ebd-227096612559	GET	/category	http://localhost:3000
20231124	12:03:29	41fe1f6d-2138-42b7-939a-550715ac03de	OPTIONS	/category	http://localhost:3000
20231124	12:03:29	4051021b-e0fc-434b-97f8-f11b1958deec	OPTIONS	/category	http://localhost:3000
20231124	12:03:29	245be809-455c-4ee6-9380-2bbc88462492	GET	/category	http://localhost:3000
20231124	12:03:29	1e05a53a-0ef4-4a62-9fd8-a7dd67ebcd37	GET	/category	http://localhost:3000
20231124	12:03:31	db4e023e-6753-4b4e-abb9-065968a9db74	GET	/category	http://localhost:3000
20231124	12:03:31	5925f5d1-4c61-462f-8614-4b71cce41bef	GET	/category	http://localhost:3000
20231124	12:03:32	04d9ff32-ec2e-471a-990f-c9790368b71e	GET	/category	http://localhost:3000
20231124	12:03:32	f57abd1f-a707-475c-9c87-21262f37f898	GET	/category	http://localhost:3000
20231124	12:04:47	6a6cec8b-f7a2-413a-9ff4-328add46ad93	OPTIONS	/category	http://localhost:3000
20231124	12:04:47	bf26ed6c-533a-4fd5-b404-bc30c0ed0dd9	OPTIONS	/category	http://localhost:3000
20231124	12:04:47	23f88921-a4cd-407f-b474-5e2042d110d5	GET	/category	http://localhost:3000
20231124	12:04:47	7c67fca1-2b6c-4184-98e6-a93a9e2687eb	GET	/category	http://localhost:3000
20231124	12:08:12	43df3195-5b6e-4f37-a20e-e01d4ed7dce2	OPTIONS	/auth/current-user	http://localhost:3000
20231124	12:08:12	cef6d105-a31c-4c0b-95ee-e4573869374a	GET	/auth/current-user	http://localhost:3000
20231124	12:08:12	ff69f91c-764d-40a1-9b6a-a94a7459eb0c	GET	/auth/current-user	http://localhost:3000
20231124	12:08:14	64f14acb-d5e8-4a4e-812f-1fcc92a97176	GET	/auth/current-user	http://localhost:3000
20231124	12:08:14	9507a8b4-5cad-48b6-930b-3958c7a82d4d	GET	/auth/current-user	http://localhost:3000
20231124	12:08:17	caa86089-7911-4e3c-8f9f-bdc5357103b3	GET	/auth/current-user	http://localhost:3000
20231124	12:08:17	a5a1027e-8608-4556-bd8d-5c25976682f5	GET	/auth/current-user	http://localhost:3000
20231124	12:08:37	ccbaba48-c63f-4a76-884a-f042b717b9e1	OPTIONS	/auth/current-user	http://localhost:3000
20231124	12:08:37	6c4e0102-060a-4c51-b458-ce5e43951b76	OPTIONS	/auth/current-user	http://localhost:3000
20231124	12:08:37	eba361ed-d3cb-4f5d-805c-1a57ea784fbb	GET	/auth/current-user	http://localhost:3000
20231124	12:08:37	c929efdb-6d2e-4937-99f9-2b8635bb7878	GET	/auth/current-user	http://localhost:3000
20231124	12:08:39	c2e590ec-4f42-4e81-9ab6-2242648b5aff	GET	/auth/current-user	http://localhost:3000
20231124	12:08:39	0135ada4-2751-4a26-b2c0-120baf4565c2	GET	/auth/current-user	http://localhost:3000
20231124	12:08:41	ecc75a40-a594-4416-918c-f535c99f7bdd	GET	/auth/current-user	http://localhost:3000
20231124	12:08:43	b7f97e9d-ad72-454d-becc-8c92d6a29724	OPTIONS	/auth/current-user	http://localhost:3000
20231124	12:08:43	d83e13b9-7cca-436e-82f1-f982972aed59	OPTIONS	/auth/current-user	http://localhost:3000
20231124	12:08:43	a9d6e1af-1a95-48f7-8c33-2693316ee07a	GET	/auth/current-user	http://localhost:3000
20231124	12:08:47	69e1a355-bfb8-47e9-8196-6f8b738adf1f	GET	/auth/current-user	http://localhost:3000
20231124	12:08:47	6b025ea0-d501-4f37-8af8-edd83853911a	GET	/auth/current-user	http://localhost:3000
20231124	12:08:48	4c376529-ae3e-4826-a7d9-50e2e838676f	GET	/auth/current-user	http://localhost:3000
20231124	12:09:13	3678ce86-546e-479c-8063-3cc7a7a0d808	OPTIONS	/category	http://localhost:3000
20231124	12:09:13	d82731df-009f-43d0-8b00-53a0897412c4	OPTIONS	/category	http://localhost:3000
20231124	12:09:13	4ef54f1a-b373-4166-9bd2-0fa0f7c55fe1	GET	/category	http://localhost:3000
20231124	12:09:14	c4c2546d-d7fe-4202-98a0-e971580c1f4f	GET	/category	http://localhost:3000
20231124	12:09:19	83399e86-4596-40c4-92b8-73615ebe704e	OPTIONS	/category	http://localhost:3000
20231124	12:09:19	d6bde391-dd4f-4aff-8209-c5697ab45d5d	OPTIONS	/category	http://localhost:3000
20231124	12:09:19	f212156f-007b-406e-8bda-b7867a106e50	GET	/category	http://localhost:3000
20231124	12:09:19	952e2a8b-a18c-4624-9d23-abf18c5ce3fa	GET	/category	http://localhost:3000
20231124	12:09:32	6e6096b2-c70b-4185-ba39-4d8546ca5607	OPTIONS	/category	http://localhost:3000
20231124	12:09:32	176771fb-2e3c-4f2f-971c-35d40d9de3f2	OPTIONS	/category	http://localhost:3000
20231124	12:09:32	2361e2b5-6faf-4b66-937e-4a3e4cf7ca8d	GET	/category	http://localhost:3000
20231124	12:09:32	0427b36e-1f6c-45b3-a10a-8834752b00af	OPTIONS	/auth/current-user	http://localhost:3000
20231124	12:09:32	0bcc360f-d8fc-435c-8a79-553080daecad	OPTIONS	/auth/current-user	http://localhost:3000
20231124	12:09:32	baf3284d-3d83-4e56-978f-a3a9ffb3dc44	GET	/auth/current-user	http://localhost:3000
20231124	12:09:32	f531a8ba-14ec-4f06-afff-7a0ea04adb44	GET	/auth/current-user	http://localhost:3000
20231124	12:09:33	a8c29a24-b14d-443a-80f0-3e65c75e008b	GET	/category	http://localhost:3000
20231124	12:09:33	8ab05849-23a2-4d2b-998c-a39e9d421db6	GET	/auth/current-user	http://localhost:3000
20231124	12:09:33	bd023466-b2b4-44ab-8327-c13b63541e67	GET	/category	http://localhost:3000
20231124	12:09:33	05b5e205-e490-4108-b99a-94c31d0b2cd6	GET	/auth/current-user	http://localhost:3000
20231124	12:09:36	d6626d30-fc64-485e-9548-e517936aa37d	GET	/category	http://localhost:3000
20231124	12:09:36	a000817f-7486-41ad-aa1f-a2fc6c0e6457	GET	/auth/current-user	http://localhost:3000
20231124	12:09:36	af09f8e2-0d76-408e-8d8e-143726a48f92	GET	/category	http://localhost:3000
20231124	12:09:36	69392096-4040-46f4-b7d5-b20d78ca251f	GET	/auth/current-user	http://localhost:3000
20231124	12:09:38	a1c8e402-64a6-47a8-a336-ed10d6c05e17	OPTIONS	/category	http://localhost:3000
20231124	12:09:38	f3bfbfb2-7dc3-4b85-a52e-9e36fe4dad96	GET	/category	http://localhost:3000
20231124	12:09:38	16f96ee3-eac1-476e-862f-7047d0da91cb	OPTIONS	/auth/current-user	http://localhost:3000
20231124	12:09:38	b0c4ec15-41ff-4357-ad13-96b0dbf441f1	OPTIONS	/auth/current-user	http://localhost:3000
20231124	12:09:38	fdf37565-fc71-4d35-9c90-e417e6cdbcdd	GET	/auth/current-user	http://localhost:3000
20231124	12:09:39	27b0ede1-3ea6-49e8-96a6-05aa99a337e9	GET	/category	http://localhost:3000
20231124	12:09:39	320108f2-4baa-4742-b75c-ba383ce8eca4	GET	/auth/current-user	http://localhost:3000
20231124	12:09:40	43a9e672-42b0-4292-b655-149ff457d960	GET	/category	http://localhost:3000
20231124	12:09:40	1948a070-372c-4ad1-af9b-4544c0ac73fa	GET	/auth/current-user	http://localhost:3000
20231124	12:09:40	317b9ec7-1f1f-46f1-90b1-66c123cf38f2	GET	/category	http://localhost:3000
20231124	12:09:40	acfc7daf-11c9-4719-9b15-1aa272535632	GET	/auth/current-user	http://localhost:3000
20231124	12:09:47	29ba469b-1ecf-42cb-bcbd-db57310cac4d	OPTIONS	/category	http://localhost:3000
20231124	12:09:47	c7a36b37-485d-4213-b826-84d1ceb0d037	OPTIONS	/category	http://localhost:3000
20231124	12:09:47	95673037-4515-4eac-9e79-3298a4b4a8d7	GET	/category	http://localhost:3000
20231124	12:09:47	a9187149-e0ea-4596-8c79-d5aae93b011d	GET	/category	http://localhost:3000
20231124	12:09:50	1de3057e-352d-42c0-be0b-7c08fe47405b	GET	/category	http://localhost:3000
20231124	12:09:50	f3a59e52-b818-4421-be67-208b93d004fa	GET	/category	http://localhost:3000
20231124	12:09:50	a405f1e2-ca00-468b-8c26-19ea2c2aff64	GET	/category	http://localhost:3000
20231124	12:09:50	c024f79a-3fd4-47aa-b016-cea75a057c8f	GET	/category	http://localhost:3000
20231124	12:20:51	c6ed6004-939c-42ec-b3d4-3f9787b94ea1	OPTIONS	/category	http://localhost:3000
20231124	12:20:51	4d6ea790-2a06-401b-8f73-add1189ec9ee	OPTIONS	/category	http://localhost:3000
20231124	12:20:51	07e387ce-929a-4f58-aa8c-a5cfb242048e	GET	/category	http://localhost:3000
20231124	12:20:53	93372181-cbb5-47dc-97f5-86b2f6e21960	GET	/category	http://localhost:3000
20231124	12:21:04	a607c1ce-b384-4550-91bc-5a37effa527d	OPTIONS	/category	http://localhost:3000
20231124	12:21:04	638f4b1f-6d5f-4192-a0bb-4ce993c16a75	OPTIONS	/category	http://localhost:3000
20231124	12:21:04	1b61624f-7a0b-46fc-93d9-94aa2e2645f0	GET	/category	http://localhost:3000
20231124	12:21:05	f7345f5f-34e8-4ab0-bd59-1cc83a0536da	GET	/category	http://localhost:3000
20231124	12:29:07	f7672656-ae98-4974-b9e8-58236ad88650	OPTIONS	/category	http://localhost:3000
20231124	12:29:07	47a8ddc8-0d90-4235-828d-681537ccfa13	OPTIONS	/category	http://localhost:3000
20231124	12:29:07	5475a07d-a9c9-4aa0-8a1b-bfe11943e60c	GET	/category	http://localhost:3000
20231124	12:29:07	d2c26878-a6db-457f-924e-d5bfd37b82e4	OPTIONS	/auth/current-user	http://localhost:3000
20231124	12:29:07	fd86a27f-921f-4642-9a3a-70de5efb1add	OPTIONS	/auth/current-user	http://localhost:3000
20231124	12:29:07	b2364abe-1580-47d9-8fd3-f1d91e6d5acd	GET	/auth/current-user	http://localhost:3000
20231124	12:29:07	320a2009-f388-4242-9bcc-41fa753d21c7	GET	/category	http://localhost:3000
20231124	12:29:07	2d84356d-ef27-4c58-95ea-887b05785851	GET	/auth/current-user	http://localhost:3000
20231124	12:30:32	f7ddb384-5c64-4d7b-ad23-ac268e7c7081	OPTIONS	/auth/current-user	http://localhost:3000
20231124	12:30:32	12392e8b-eaff-47bc-8948-885b394715dd	OPTIONS	/auth/current-user	http://localhost:3000
20231124	12:30:32	fd2f1848-b428-482f-8c36-6a7c44dfb11c	GET	/auth/current-user	http://localhost:3000
20231124	12:30:33	7dd50960-fb03-4a77-a172-62b835e1a64c	GET	/auth/current-user	http://localhost:3000
20231124	12:30:33	d672500a-46b3-403d-9232-6ebda236636d	OPTIONS	/category	http://localhost:3000
20231124	12:30:33	29c84793-9b96-4c67-8f16-e78feeb163f2	GET	/category	http://localhost:3000
20231124	12:30:33	fa7d5cc2-bace-42a3-841e-5d5726f31c96	GET	/category	http://localhost:3000
20231124	12:52:02	1a0d2864-b311-4412-8161-d2aec2cd5a10	OPTIONS	/category	http://localhost:3000
20231124	12:52:02	0b52a395-3426-427c-822d-3c436bf62172	OPTIONS	/category	http://localhost:3000
20231124	12:52:02	d580326a-1319-42b0-aab1-67a38118e957	GET	/category	http://localhost:3000
20231124	12:52:02	4b07d7ae-25f6-4ae3-a809-01146a02a5b0	GET	/category	http://localhost:3000
20231124	13:00:34	308bb132-3ced-4b1d-a9fb-c8bd0553f13f	OPTIONS	/auth/current-user	http://localhost:3000
20231124	13:00:34	195639c9-b373-4ea1-9d98-a37e4500831c	OPTIONS	/auth/current-user	http://localhost:3000
20231124	13:00:34	5a2c995d-13ca-4957-afd0-d6b0722db800	GET	/auth/current-user	http://localhost:3000
20231124	13:00:34	99d7a8ce-c690-4c61-af97-a493ed29ed8c	GET	/auth/current-user	http://localhost:3000
20231124	13:07:19	638ea541-f13c-4f9d-86e7-939a0e43367a	OPTIONS	/auth/current-user	http://localhost:3000
20231124	13:07:19	426c6187-34c5-4b56-96cc-02412794509a	OPTIONS	/auth/current-user	http://localhost:3000
20231124	13:07:19	aebe4f8d-28d1-4e34-8365-ba0d5c4b21e7	GET	/auth/current-user	http://localhost:3000
20231124	13:07:19	ca4c6169-d856-428e-99f2-ce803ffd6d10	GET	/auth/current-user	http://localhost:3000
20231124	13:08:08	a21a0d58-b389-4bc4-864c-701fe8624560	OPTIONS	/auth/current-user	http://localhost:3000
20231124	13:08:08	590c6b0b-ca6e-4666-a04e-cb7c1119a324	OPTIONS	/auth/current-user	http://localhost:3000
20231124	13:08:08	d06ae811-3de5-487f-83f1-7f12b695fafe	GET	/auth/current-user	http://localhost:3000
20231124	13:08:08	7636218d-10b0-40a4-8351-38b324d02976	GET	/auth/current-user	http://localhost:3000
20231124	13:09:32	e7c88bde-4aa5-4197-aa5c-15494b078c57	OPTIONS	/auth/current-user	http://localhost:3000
20231124	13:09:32	777c2066-f7e9-4d37-814b-784091f0ab4c	OPTIONS	/auth/current-user	http://localhost:3000
20231124	13:09:32	a6768695-cf35-4ed1-a314-e49768880e33	GET	/auth/current-user	http://localhost:3000
20231124	13:09:32	0aa37e72-6166-451c-92e0-502b171a5433	GET	/auth/current-user	http://localhost:3000
20231124	15:15:56	f45bdfda-fe7c-4c65-84f7-960c53be8be6	OPTIONS	/auth/current-user	http://localhost:3000
20231124	15:15:56	e3d4e581-8756-4d7a-aa2a-3ab4803f9142	GET	/auth/current-user	http://localhost:3000
20231124	15:15:56	eec38986-4206-4187-b24e-f8dfa11902c9	GET	/auth/current-user	http://localhost:3000
20231124	15:15:56	51e646ee-b918-4b43-94ad-9e18cada026e	GET	/auth/current-user	http://localhost:3000
20231124	15:16:13	5045eb0c-6320-423a-91d4-6aa59dccd796	OPTIONS	/category	http://localhost:3000
20231124	15:16:13	12094f6f-9388-40b5-8411-2eb1bb8df117	OPTIONS	/category	http://localhost:3000
20231124	15:16:13	31f41925-5470-45f0-a4b6-fb799f69030c	GET	/category	http://localhost:3000
20231124	15:16:13	9e7e4930-edf8-4bad-81eb-d9251c167510	GET	/category	http://localhost:3000
20231124	15:16:16	d965e554-82d6-4f65-80a3-6b20c2b4da0a	GET	/category	http://localhost:3000
20231124	15:16:16	526628a9-b9d9-4ce0-b6bc-5bcc2e4c74ea	GET	/category	http://localhost:3000
20231124	15:16:17	6f542d7b-3d68-47b5-b0af-da3d99a33db0	GET	/category	http://localhost:3000
20231124	15:16:18	1589277d-6fba-4803-99cc-e22dde1021c3	GET	/category	http://localhost:3000
20231124	15:17:17	a6d073ae-583b-4f8e-a8d2-78d7bd55d0b6	OPTIONS	/auth/current-user	http://localhost:3000
20231124	15:17:17	968bb63d-2c9b-4c89-ade9-840482d3822f	OPTIONS	/auth/current-user	http://localhost:3000
20231124	15:17:17	4c9fa8af-c361-413c-9e20-972e6d8f1233	GET	/auth/current-user	http://localhost:3000
20231124	15:17:17	12f3271a-7dd6-4e89-8812-a8e84e682bee	GET	/auth/current-user	http://localhost:3000
20231124	15:18:03	f7608075-cc04-422b-93a4-dcfbf7e89951	OPTIONS	/auth/current-user	http://localhost:3000
20231124	15:18:03	6af49f33-0a4c-4881-95df-5e40d8d6967d	OPTIONS	/auth/current-user	http://localhost:3000
20231124	15:18:03	8e025da8-7fdc-4d83-a9db-8ea9cfe0a705	GET	/auth/current-user	http://localhost:3000
20231124	15:18:04	b9b726b1-606a-4b86-8d17-84a254614a61	GET	/auth/current-user	http://localhost:3000
20231216	11:55:35	18a2d80f-914e-4837-b623-77ac18fd12a8	OPTIONS	/auth/current-user	http://localhost:3000
20231216	11:55:35	63bfeb0f-8ec7-45af-8f92-1f75972da2e9	GET	/auth/current-user	http://localhost:3000
20231216	11:55:44	182225f7-7254-407c-960e-ea3ef5133a28	OPTIONS	/auth/signin	http://localhost:3000
20231216	11:55:44	5f84a90b-110b-414c-84f0-abaca31900d9	POST	/auth/signin	http://localhost:3000
20231216	11:55:45	777b21df-1bba-47f4-b686-3d840f6c8985	OPTIONS	/auth/current-user	http://localhost:3000
20231216	11:55:45	1ba1fe32-a00a-4495-8e90-ae6b78c559de	GET	/auth/current-user	http://localhost:3000
20231216	11:55:53	2f1b72ca-8583-423f-9e76-f9e8e1391b40	OPTIONS	/auth/current-user	http://localhost:3000
20231216	11:55:53	fa9bb7a3-9d48-455b-a17b-3f57c0b4ffb7	GET	/auth/current-user	http://localhost:3000
20231222	12:08:15	3287364d-9246-418d-ac0b-6e9df9183c94	GET	/user/all	undefined
20231222	12:08:53	c8d5a568-db7d-4bc3-8d76-00cf9f9f2b13	GET	/user/all	undefined
20231222	12:09:13	0e7021fe-15b8-450d-9ac4-42a81a8e8302	GET	/user/all-users	undefined
20231222	12:09:38	87dcf916-1c95-4cac-8b82-1bfbc4f50ad3	GET	/user/all-user	undefined
20231222	12:09:39	9a9c89ac-84bb-4785-b6b6-80ee2dadc6bb	GET	/user/all-users	undefined
20231222	12:10:36	e24ecfd0-8522-478c-a571-3fe758b9690c	GET	/user/all-users	undefined
20231222	12:10:37	ae22325e-d9e6-417a-a5bc-b5fc0bbb1aff	GET	/user/all-users	undefined
20231222	12:10:38	68934a5d-85bc-41e9-ae3e-bd02c5e2e939	GET	/user/all-users	undefined
20231222	12:11:53	81a66e19-d43c-4e46-9e7f-7ad13e31e2fe	GET	/user/all-users	undefined
20231222	12:12:33	7f17d82b-0f48-468b-8459-7ca62667b3d6	POST	/auth/signin	undefined
20231222	12:12:49	01c13b3f-c5e5-4999-8bf0-e4a3442dc84e	GET	/auth/current-user	undefined
20231222	12:12:51	b5a7638c-9f93-4c29-ae01-0c07812f9368	GET	/auth/current-user	undefined
20231222	12:13:32	9f8107b7-21ef-4be1-86c2-c7eb480850c0	POST	/auth/signin	undefined
20231222	12:13:50	9192df79-e5f2-486e-98f5-1144f5a45ca6	GET	/auth/current-user	undefined
20231222	12:13:51	09f729b2-b3f4-4540-9dab-56e79606ef41	GET	/auth/current-user	undefined
20231222	12:13:52	3badfa02-30e1-4841-8df4-ea0f3061501c	GET	/auth/current-user	undefined
20231222	12:14:49	67c69079-f03b-4f57-8942-377edd94db49	POST	/auth/signin	undefined
20231222	12:14:54	552705e9-7343-4ea5-a304-70ebd831617f	POST	/auth/signin	undefined
20231222	12:15:01	dc7817d1-0ae9-4d7d-ad43-692ace5f43ce	POST	/auth/signin	undefined
20231222	12:15:17	411875d0-c3f8-4bbf-a0d5-ef00af58366b	GET	/auth/current-user	undefined
20231222	12:15:33	99098f7f-4854-47f9-b945-c70c900b82bf	POST	/auth/signin	undefined
20231222	12:15:50	f78d13c7-05ff-4931-9db6-fa8b014bf608	GET	/auth/current-user	undefined
20231222	12:17:21	7e74d9dc-299f-414e-8060-4c451130645c	POST	/ticket/create	undefined
20231222	12:17:38	b2dbce67-4453-4532-85b1-e7dd787980dd	POST	/ticket/create	undefined
20231222	12:18:24	8ddb6f74-d3e4-45dd-9acc-044bcd39633c	POST	/auth/signin	undefined
20231222	12:18:33	8485dcf2-0242-4589-b542-846768b13b0f	GET	/auth/current-user	undefined
20231222	12:18:42	4c704d76-e494-4831-8d10-aa2260c06687	GET	/ticket/	undefined
20231222	12:18:52	1263b649-2ef2-4821-bbaa-08bf1f9a03a0	GET	/ticket/?Cookies=eyJhbGciOiJIUzI1NiIsInR5cCI6IkpXVCJ9.eyJpZCI6IjY1NTRjNGNhNGMwMGU4ZjdhMTA1MTIyNCIsImlhdCI6MTcwMzIyOTUwNH0.JlBZ07cHMH01gLMveAdsN-2z8eCJtA1RxvaEcdhVM8A	undefined
20231222	12:19:22	c9809be5-e3b4-4d29-a989-5c3908d661ab	GET	/ticket/	undefined
20231222	12:19:42	2035ed98-9087-4a57-980a-25d18e9b00db	PUT	/ticket/pick	undefined
20231222	12:19:57	335e374b-0725-4d7c-b47c-a5793dd09005	PUT	/ticket/pick	undefined
20231222	12:20:24	1bcae6e6-26ee-495e-b39e-990462f56be7	PUT	/ticket/add-comments	undefined
20231222	12:20:33	91d009f0-c6f4-48a9-a05c-667e86d97f8f	PUT	/ticket/add-comments	undefined
20231222	12:20:51	27398d3c-e446-4483-87c0-0229c079a15b	GET	/ticket/my-picks	undefined
20231222	12:21:00	422e7580-a651-43f6-953b-f8f129fc1aca	PUT	/ticket/add-comments	undefined
20231222	12:21:26	2f617932-2b03-4813-9461-7cf871eb3701	GET	/ticket/	undefined
20231222	12:21:56	fa08598d-a7f3-4b1b-aa08-24de1058ad42	PUT	/ticket/update-to-resolved/6554c34105b9fc5589d0424c	undefined
20231222	12:22:19	4eb06792-d9e9-4687-bad2-ee701095bf70	PUT	/ticket/update-to-resolved/6554c34105b9fc5589d0424c	undefined
20231222	12:23:07	ea52045d-5664-4355-b537-bae2ef82f093	GET	/ticket/my-picks	undefined
20231222	12:23:15	95912e44-471a-49f0-8ff2-b6fd09b10ca7	PUT	/ticket/update-to-resolved/658538126ec2f04b9ff62a9a	undefined
20231222	12:23:21	8225097f-89e5-428b-a373-a03d6bc507c9	GET	/ticket/my-picks	undefined
20231222	12:23:32	c123c616-aa91-4803-8292-48791db96a0e	GET	/ticket/resolved-tickets	undefined
20231222	12:23:41	ab0244a3-6863-4f69-9ca3-0c8b486098d5	GET	/ticket/resolved-tickets	undefined
20231222	12:26:26	57c6eeac-124a-4f97-add2-66da299283d6	GET	/user/all-users	undefined
20231222	12:28:23	73b5b939-6c17-49c5-bf0b-fc1a1d110a64	POST	/ticket/create	undefined
20231222	12:28:38	1443c480-1365-444f-bc65-b82bf6177a76	POST	/auth/signin	undefined
20231222	12:28:48	f4a670fe-7b06-4ea0-9f2c-8176f08a3b88	GET	/ticket/	undefined
20231222	12:28:58	c61f1d73-76a8-400d-bfba-93c50326ed5c	GET	/ticket/	undefined
20231222	12:29:00	016ad035-3064-4064-80ce-312ee28f35f9	GET	/ticket/	undefined
20231222	12:29:02	732d118d-ea5a-440a-8101-4d9a669706cb	GET	/ticket/	undefined
20231222	12:29:05	84e965e6-a401-47c3-8f3a-dc0f081dacf9	GET	/ticket/	undefined
20231222	12:29:06	9baca928-8b0b-4cfb-8281-b0540ee50df2	GET	/ticket/	undefined
20231222	12:29:23	0f682b5e-ae0c-4090-b77d-b8ef2d90ee08	POST	/auth/signin	undefined
20231222	12:29:36	60a831a9-654a-409e-8d0e-7aeb501c3fd5	GET	/ticket/	undefined
20231222	12:29:49	57e6e894-c7ea-4bef-8ac9-02ac95053067	GET	/ticket/	undefined
20231222	12:29:59	c28e6d58-8ff7-47c6-93d8-bd2593213cd7	POST	/auth/signin	undefined
20231222	12:30:12	b1ad2f31-e3a6-4f26-8583-d2a3a414a665	GET	/ticket/	undefined
20231222	12:30:14	1bbe2bc6-0a20-42fd-98d5-f595da83a22d	GET	/ticket/	undefined
20231222	12:30:18	4c7c35c6-e5a0-48d8-b3a5-ec57ddc1151e	GET	/ticket/	undefined
20231222	12:31:30	d7f58299-771e-4893-9841-c9991892165b	GET	/ticket/	undefined
20231222	12:31:37	d0876793-5f44-4001-b981-3d65353cb5ff	GET	/ticket/	undefined
20231222	12:32:01	57c6092a-510b-4099-a5ac-935f48f5bd10	GET	/user/all-users	undefined
20231222	12:32:53	e6a46c63-0dbb-48b2-859f-ff797d58040e	POST	/auth/signin	undefined
20231222	12:33:24	9323b84d-e8fb-42b5-b0d0-3c573c958863	POST	/auth/signin	undefined
20231222	12:33:26	dd00476a-1144-447c-b956-f9c4e0890b11	POST	/auth/signin	undefined
20231222	12:33:54	1403d935-3670-4f46-b9cc-7a71a6808598	POST	/auth/signin	undefined
20231222	12:34:01	81f8c67f-9d2b-4955-8b5c-2671de710696	GET	/ticket/	undefined
20231222	12:34:19	fee5c6ca-f7e8-4f39-9f5c-0116a30cb5bc	GET	/ticket/	undefined
20231222	12:35:17	ec9031cb-7519-4579-b74a-f0764bda9113	POST	/auth/signin	undefined
20231222	12:35:27	af1d9b43-6158-4c87-936a-21406fd7e848	POST	/auth/signin	undefined
20231222	12:36:31	c59caeb4-8e7e-424d-90c9-5a67b2c4c309	GET	/ticket/	undefined
20231222	12:36:35	95e632fb-4a95-48ce-b025-6aca6408322b	GET	/ticket/	undefined
20231222	12:37:13	b6ba4d36-7474-4f00-8f64-05a9bda4e25a	PUT	/ticket/pick	undefined
20231222	12:37:19	9deb139d-c4c2-44d9-9409-0bb97d82c582	PUT	/ticket/pick	undefined
20231222	12:37:39	28c819c4-d0b6-44d9-aa87-96801ba923fb	GET	/ticket/my-picks	undefined
20231222	12:38:06	dd09899d-44cb-4e53-9f66-1f928c452642	PUT	/ticket/escalate	undefined
20231222	12:38:19	cf88f360-dfbb-401b-b580-c539c2b017ff	PUT	/ticket/escalate	undefined
20231222	12:38:37	bf1f93f3-7912-4c5a-8afd-34c64352cb9d	PUT	/ticket/escalate	undefined
20231222	12:38:45	3273a376-67b6-4011-985a-a9af32e1af4f	GET	/ticket/my-picks	undefined
20231222	12:39:00	814fe881-443e-4a28-8de0-baa0fa33df17	GET	/ticket/all-escalated-tickets	undefined
20231222	12:39:06	7b7e84ff-ba22-4547-a5ba-87d96cb68999	POST	/auth/signin	undefined
20231222	12:39:37	fea075e1-3572-4d29-889c-30acda8af4f3	GET	/ticket/all-escalated-tickets	undefined
20231222	12:40:32	ef761536-cddc-499b-a247-9617cb45cc24	GET	/user/available-for-handover	undefined
20231222	12:40:36	b48927a0-b28b-4f10-9075-c6c79c9a5daf	GET	/user/all-users	undefined
20231222	12:40:52	b554fc07-0c06-45a3-a96f-620d1c42195c	PUT	/ticket/assign-ticket	undefined
20231222	12:41:36	fa8c5da5-e59f-4bd3-959c-2f1ba06813e5	POST	/auth/signin	undefined
20231222	12:42:27	d1e0c828-9f60-403a-b6f1-d83892ec2b71	GET	/ticket/handover-to-me	undefined
20231222	12:43:05	93249795-c0fc-48e3-90a8-6eea0be86f2e	GET	/ticket/assign-to-me	undefined
20231222	12:43:21	41a0c687-fadd-4b7c-a0a0-c16e599da830	GET	/ticket/assign-to-me	undefined
20231222	12:43:41	f407c159-271b-4573-9560-3c46264d065c	PUT	/ticket/add-comments	undefined
20231222	12:46:09	d1b3bb86-3374-4988-a47b-2849dbd1c1f0	PUT	/ticket/update-to-resolved/65853a986ec2f04b9ff62ac1	undefined
20231222	12:46:38	2ccc6b60-e986-4f8c-9034-108135964530	GET	/ticket/assign-to-me	undefined
20231222	12:47:01	bae09821-00aa-4e8b-afba-a61d557ae33d	PUT	/ticket/reopen-ticket/65853a986ec2f04b9ff62ac1	undefined
20231222	12:47:27	10baf8a8-3354-48cf-bd81-092728ed917e	PUT	/ticket/reopen-ticket/65853a986ec2f04b9ff62ac1	undefined
20231222	12:47:44	b139b6c2-3775-4d95-9d5c-837aa8f57014	GET	/ticket/assign-to-me	undefined
20231222	12:47:50	9608daac-6c0c-4767-aaea-54b01a0de062	GET	/ticket/assign-to-me	undefined
20231222	12:48:26	12eb67bb-738f-43f3-a30e-01f33d7ffd36	POST	/auth/signin	undefined
20231222	12:53:18	c9fa8011-fba7-46ba-8b50-ca5c38b02cb8	GET	/ticket/all-opens	undefined
20231222	12:53:24	84d8e8a0-a44d-48a2-9455-580923526842	POST	/auth/signin	undefined
20231222	12:53:35	667f0422-8736-4598-9151-2f8fdb441d84	GET	/ticket/all-opens	undefined
20231222	13:20:14	f7e5e36f-49ad-4a23-b2c3-c2af4de9d9de	GET	/ticket/all-opens	undefined
20231222	13:20:29	88dfa330-6014-4507-bb8a-de69a70118e0	POST	/auth/signin	undefined
20231222	13:20:45	8190b52d-c690-44f7-86b4-586879b2a491	GET	/ticket/all-opens	undefined
20231222	13:20:49	31f59521-b849-4615-b2bf-9ea350da5e2e	GET	/ticket/all-opens	undefined
20231222	13:21:10	a0d9718a-63b6-41bb-b027-dc7595db0ffd	PUT	/ticket/handover-ticket	undefined
20231222	13:21:32	e4add4ef-7d3a-4694-a105-784e850fa3fc	PUT	/ticket/handover-ticket	undefined
20231222	13:21:58	9ec1e0f4-6d66-4c7e-85df-ba7c8eede1fe	PUT	/ticket/handover-ticket	undefined
20231222	13:24:57	8e5b8422-37ee-477c-806c-3e621e56be32	PUT	/ticket/handover-ticket	undefined
20231222	13:25:07	30a95c68-4246-4740-a85f-5a4b8a76acf7	PUT	/ticket/handover-ticket	undefined
20231222	13:25:40	be17e8a8-13e8-48f6-ba10-8cbba6e18b46	GET	/ticket/all-opens	undefined
20231222	13:25:44	3631c697-44be-4387-8cf7-afd4e8f95fea	PUT	/ticket/handover-ticket	undefined
20231222	13:26:34	43f821db-f498-46f3-b5eb-362c30f4d1d9	PUT	/ticket/handover-ticket	undefined
20231222	13:26:39	753e6ebc-7825-41c7-98cd-200dcc8b92c3	PUT	/ticket/handover-ticket	undefined
20231222	13:27:07	18d7feac-5a9b-4b25-a9b9-b65015560a8e	PUT	/ticket/handover-ticket	undefined
20231222	13:27:08	fc492be7-8e58-4913-aa6b-0df58b38df48	PUT	/ticket/handover-ticket	undefined
20231222	13:27:31	8704beda-1c0a-4f57-bc7c-7b032528cd24	PUT	/ticket/handover-ticket	undefined
20231222	13:29:20	ea81d16e-e237-4a84-bdb0-87ae57abedb0	PUT	/ticket/handover-ticket	undefined
20231222	13:29:50	9ed800e8-625b-4f70-a9ff-f6c89846d770	GET	/ticket/handover-to-me	undefined
20231222	13:30:36	162aa3b5-d998-4298-8875-38a3fd85b5f4	PUT	/ticket/update-to-resolved/65853a986ec2f04b9ff62ac1	undefined
20231226	19:36:43	60170d4d-1d10-41d7-a655-35ae17cc51e6	OPTIONS	/auth/signin	http://localhost:5173
20231226	19:40:14	3664a528-273e-4116-9ca8-2a59b60a99a4	OPTIONS	/auth/signin	http://localhost:5173
20231226	19:40:14	bf8b4d76-aad1-4296-8ee3-be7f025b5229	POST	/auth/signin	http://localhost:5173
20231226	19:40:45	959124c8-f83d-4ca9-a6af-31b73bff5a9a	OPTIONS	/auth/signin	http://localhost:5173
20231226	19:40:45	bae012db-1c23-483e-a967-6888495f19ae	POST	/auth/signin	http://localhost:5173
20231226	19:41:57	6a72385d-4f62-45dc-a026-ec3f826a44b3	OPTIONS	/auth/signin	http://localhost:5173
20231226	19:41:57	1f156ea7-c149-4361-99e8-fb4bbafc864e	POST	/auth/signin	http://localhost:5173
20231226	19:41:59	bc2c23ce-c91e-4235-832e-8245a7dd4fd3	POST	/auth/signin	http://localhost:5173
20231226	19:42:10	3314d5b2-fadb-4581-b651-eba2da5fff89	OPTIONS	/auth/signin	http://localhost:5173
20231226	19:42:10	aee2ce7d-e705-4c61-b187-1cad28652961	POST	/auth/signin	http://localhost:5173
20231230	16:20:42	d1c51d66-b8c7-479d-a7c5-bda9c1d087c1	OPTIONS	/auth/signin	http://localhost:5174
20231230	16:20:43	9ae83600-ee0e-4914-9d14-5a7097679415	OPTIONS	/auth/signin	http://localhost:5174
20231230	16:20:43	6bf23676-d228-4a35-98c9-ea17d1203c04	OPTIONS	/auth/signin	http://localhost:5174
20231230	16:20:43	487808b1-b584-4d7d-88ea-01a9b5baf265	OPTIONS	/auth/signin	http://localhost:5174
20231230	16:20:43	ede66b77-733c-4937-91fc-9d3a4fa485c7	OPTIONS	/auth/signin	http://localhost:5174
20231230	16:20:43	d3fdc8a8-2f0a-4bca-89f5-64499290e70f	OPTIONS	/auth/signin	http://localhost:5174
20231230	16:20:44	35b851c8-8512-4d1a-8448-2a96e357b91c	OPTIONS	/auth/signin	http://localhost:5174
20231230	16:20:44	5f51337e-8ac0-410e-9704-227f73978bbd	OPTIONS	/auth/signin	http://localhost:5174
20231230	16:20:45	e0ceb4e2-54ad-4012-a197-a4adbdc6ed84	OPTIONS	/auth/signin	http://localhost:5174
20231230	16:20:52	0d52e1f0-7ea2-4b49-9ab7-bca04aec786c	OPTIONS	/auth/signin	http://localhost:5174
20231230	16:32:17	2ad9f36f-456f-49eb-923d-ec37e822c5b4	POST	/auth/signin	undefined
20231230	16:36:42	f049b804-6055-46e0-a630-17f826e2492e	OPTIONS	/api/login	http://localhost:3000
20231230	16:36:42	6cd835e7-0c7c-4893-aa1f-a83b569dbdd4	POST	/api/login	http://localhost:3000
20231230	17:58:31	4dd2db56-df79-43b6-beee-76a083292217	OPTIONS	/auth/signin	http://localhost:5173
20231230	17:58:31	aaf9d7a4-2f65-4817-b307-a49ae6ac7bfa	POST	/auth/signin	http://localhost:5173
20231230	17:58:36	ab442fc8-7dcf-4e4e-bb7e-2fab6b28f236	OPTIONS	/auth/signin	http://localhost:5173
20231230	17:58:36	93bcba7a-f285-4b98-b279-490f451d18e6	POST	/auth/signin	http://localhost:5173
20231230	17:58:44	564ae9f1-3e61-480c-8b29-10e7facf917b	OPTIONS	/auth/signin	http://localhost:5173
20231230	17:58:44	90cea09a-5151-4abc-838c-f3f576de56e4	POST	/auth/signin	http://localhost:5173
20231230	18:07:00	df76ae1c-7a77-4aad-a0b8-c44f5c524587	OPTIONS	/auth/signin	http://localhost:5173
20231230	18:07:00	589dd14f-eb60-4555-90c2-70e57a7029a7	POST	/auth/signin	http://localhost:5173
20231230	18:12:21	4218af2a-a9e3-4644-8483-4c97b630de25	OPTIONS	/auth/signin	http://localhost:5173
20231230	18:12:21	d9197927-d727-4ff3-86ba-3759b2303348	POST	/auth/signin	http://localhost:5173
20240101	19:12:54	6c81d41f-83cb-4b87-af3d-bedba35b7500	POST	/auth/signin	undefined
20240101	19:14:53	080f8e7b-c7f7-484f-ae9b-f0146007cab9	OPTIONS	/auth/signin	http://localhost:5173
20240101	19:14:53	cfebeff8-42ef-4519-b410-0430db72b0cd	POST	/auth/signin	http://localhost:5173
20240101	19:17:17	dccdac07-31ff-4404-b82b-51b981976651	OPTIONS	/auth/signin	http://localhost:5173
20240101	19:17:17	2fa12421-0be9-4ca4-b1d1-4d73e84c799b	POST	/auth/signin	http://localhost:5173
20240101	19:17:19	25c81fe7-6e49-4c68-bcf5-63fd15ff6f22	POST	/auth/signin	http://localhost:5173
20240101	19:17:31	22f21a1e-d03e-48e6-af68-d1858c3f9d68	OPTIONS	/auth/signin	http://localhost:5173
20240101	19:17:31	bb4b36ee-5827-473c-ba54-59b4aa3a28d6	POST	/auth/signin	http://localhost:5173
20240101	19:17:32	98e55d81-05db-4ab2-9175-ff5e26935ac1	POST	/auth/signin	http://localhost:5173
20240101	19:17:36	34402047-0018-497b-a182-ff6c8856987c	POST	/auth/signin	http://localhost:5173
20240101	19:17:57	4d806c9f-bb8f-4b1b-a040-d3c76df5751f	OPTIONS	/auth/signin	http://localhost:5173
20240101	19:17:57	d6a6deba-c845-473e-b671-c981397ba098	POST	/auth/signin	http://localhost:5173
20240101	19:18:23	fd321b1e-cc48-4fa5-83eb-06e2d64ba457	OPTIONS	/auth/signin	http://localhost:5173
20240101	19:18:23	f541527b-a6ca-4a89-906f-138b0b787771	POST	/auth/signin	http://localhost:5173
20240101	19:18:34	05c33a90-f951-4e55-83ae-7a081d8c99ea	OPTIONS	/auth/signin	http://localhost:5173
20240101	19:18:34	784778bb-a4c5-4013-8982-298a5f677063	POST	/auth/signin	http://localhost:5173
20240101	19:20:56	459ed441-864c-4c0f-9dbb-1beaa6f1f02a	OPTIONS	/auth/signin	http://localhost:5173
20240101	19:20:56	91f9a694-9e0c-425c-8f8a-961178f714bd	POST	/auth/signin	http://localhost:5173
20240101	19:22:34	14d06c6f-cc01-459f-809c-d5d16f500b90	OPTIONS	/auth/signin	http://localhost:5173
20240101	19:22:34	cd642c70-8142-4068-9a0a-b35525ee9a5a	POST	/auth/signin	http://localhost:5173
20240101	19:23:29	8867ac6b-4da6-4100-a930-d2936cf88f2e	OPTIONS	/auth/signin	http://localhost:5173
20240101	19:23:29	6a2efcf1-abb9-4aec-90c2-f0615ced6e50	POST	/auth/signin	http://localhost:5173
20240101	19:28:59	e3c0a08a-d31d-4fb7-811d-de1a1552cde3	OPTIONS	/auth/signin	http://localhost:5173
20240101	19:28:59	2c3c7689-e195-4d84-b66f-40c92221b8f4	POST	/auth/signin	http://localhost:5173
20240202	17:51:30	174e5207-2b97-4fb8-b533-36897c2f5d2d	POST	/auth/signup	undefined
20240202	17:51:35	372514d2-fd79-43e5-bb1b-4ec6cab5f701	POST	/auth/signup	undefined
20240202	17:53:44	25f222ea-2599-45c5-9ad8-694cf90d0e2d	POST	/auth/signup	undefined
20240202	17:54:00	e76b4689-1425-4c3b-a639-ad1fc9dba077	POST	/auth/signup	undefined
20240202	17:54:24	f3fd1128-ba37-446d-8009-2dbef8b1a044	POST	/auth/signup	undefined
20240202	17:56:52	083c0765-acbf-43c2-ad68-b95c302cd03d	POST	/auth/signup	undefined
20240202	17:56:57	d29f36bf-db3b-414b-aa7e-5db33fff957e	POST	/auth/signup	undefined
20240202	17:57:06	33a0ab1c-7763-4045-8d30-f760951f2055	POST	/auth/signup	undefined
20240202	17:57:26	13cac105-d5ee-40ce-b3d8-a545b41f2950	POST	/auth/signin	undefined
20240202	17:58:27	d83aaabc-f166-480c-a49d-d0583f4589bb	POST	/auth/signin	undefined
20240202	18:00:12	910cbe05-11f8-435e-9eb2-78c6f96e3dce	POST	/auth/signin	undefined
20240202	18:00:48	25b5e738-ea5b-42a7-bc05-9b78eac4fe89	POST	/auth/signin	undefined
20240202	18:01:13	f355c296-23f7-443f-8acd-acac4b8f0308	POST	/auth/signin	undefined
20240202	18:01:15	22fc307c-7e10-4323-abc0-a9fcfff093b1	POST	/auth/signin	undefined
20240202	18:01:19	474a47c6-9db2-42b4-958b-d6ab02b996eb	POST	/auth/signin	undefined
20240202	18:01:36	1cf97da2-6381-478f-872d-ad660286709a	POST	/auth/signin	undefined
20240202	18:01:48	e1b533ec-4004-495f-b035-375ba9fcd5f5	POST	/auth/signin	undefined
20240202	18:01:50	b591218b-b683-436f-9be8-dd68bfedcd45	POST	/auth/signin	undefined
20240202	18:01:51	3130bcb6-3373-4e74-bd0b-c92a04f9bc37	POST	/auth/signin	undefined
20240202	18:01:53	c7b97c35-6a9a-48dd-b679-dd4be593c6a1	POST	/auth/signin	undefined
20240202	18:01:54	635324d0-79be-4d7b-be0e-2beec8ed85c2	POST	/auth/signin	undefined
20240202	18:02:27	89b0c0f1-43e3-4f95-b986-4ecd97aceb4c	POST	/auth/signin	undefined
20240202	18:03:07	99066ad0-670b-47c1-8a4b-bdd97b49ec7f	POST	/auth/logout	undefined
20240202	18:04:02	8a05e599-b9f6-450b-8790-ac626417e9e3	GET	/auth/current-user	undefined
20240202	18:04:13	83c82f9a-f030-4dc0-9462-7a1adfbb4329	POST	/auth/logout	undefined
20240202	18:04:34	c99f87d1-bbca-4fb6-b275-94707d1d80bd	POST	/auth/logout	undefined
20240202	18:04:37	91570199-d9dd-4b84-8899-9802c365c298	GET	/auth/current-user	undefined
20240202	18:05:33	5888166a-6944-4105-b1d1-52862fa80c5d	GET	/auth/current-user	undefined
20240202	18:08:37	43e34688-d570-4e22-9f33-7e335ecba9f3	POST	/auth/signin	undefined
20240202	18:08:42	5cb66c96-5e4c-41b6-acf1-d7ec4f6f87c9	GET	/auth/current-user	undefined
20240202	18:10:04	e6581eb6-4782-46ca-a897-478d2e57e02d	GET	/auth/current-user	undefined
20240202	18:10:06	94bcbecd-f679-49e5-9e90-280f110d55bf	GET	/auth/current-user	undefined
20240202	18:10:09	5753e2f6-4069-41d4-8656-9aab49f31c61	POST	/auth/logout	undefined
20240202	18:10:12	1df28101-4e29-4b44-9c7d-988dc2b54bef	GET	/auth/current-user	undefined
20240202	18:10:13	421c5f4b-dcfa-4942-8529-05368eafa70b	GET	/auth/current-user	undefined
20240202	18:11:06	bdceba6c-595e-4585-94f6-374091169628	GET	/auth/current-user	undefined
20240202	18:11:07	148033f1-2de1-47fa-9b04-c04eff4f990d	GET	/auth/current-user	undefined
20240202	18:11:08	125b20c3-6840-4f10-badc-661ca32e742e	GET	/auth/current-user	undefined
20240202	18:11:40	96616ec1-fb1e-4f76-be3f-3eed3a047d9a	GET	/auth/current-user	undefined
20240202	18:12:41	c254476b-6b24-49fc-bda6-e1003cfedfc8	GET	/auth/current-user	undefined
20240207	18:32:41	148f75a2-5114-4aaf-8d0a-d2bd6e7ef387	OPTIONS	/auth/signin	http://localhost:3000
20240207	18:32:41	b713995d-5c12-4fab-a40a-5c15adbdf03f	POST	/auth/signin	http://localhost:3000
20240207	18:33:11	14501a01-ac64-45de-88f7-2c2b758079a4	OPTIONS	/auth/signin	http://localhost:3000
20240207	18:33:11	4b26430e-3c17-4b03-9c95-2c9543e060fe	POST	/auth/signin	http://localhost:3000
20240207	18:33:37	dbbcf81b-b4e8-4132-bd47-23838021428a	OPTIONS	/auth/signin	http://localhost:3000
20240207	18:33:37	8cc64035-57d6-4a94-b57e-eec54373242e	POST	/auth/signin	http://localhost:3000
20240207	18:38:34	3aaf4f47-1260-4e4c-91b4-9cc0895f5bda	OPTIONS	/auth/signin	http://localhost:3000
20240207	18:38:34	9554878b-da31-4e77-8c15-6b199fd09a93	POST	/auth/signin	http://localhost:3000
20240207	18:38:46	acddbf09-fdfc-4cc0-bd60-7561ba006049	OPTIONS	/auth/signin	http://localhost:3000
20240207	18:38:46	510b5eb8-0a47-4401-a5d5-3390cb9a8053	POST	/auth/signin	http://localhost:3000
20240207	18:39:04	7bba3f16-a6cd-41e0-93e7-8ce1280f40af	OPTIONS	/auth/signin	http://localhost:3000
20240207	18:39:04	fc7b2307-385c-4769-a3d8-9f5ad9ce9d6c	POST	/auth/signin	http://localhost:3000
20240207	18:39:19	0fd1fa0d-1200-4fc7-973e-1e23ad6fc453	OPTIONS	/auth/signin	http://localhost:3000
20240207	18:39:19	1db61a6b-59cd-4f05-927f-9c5bd50dd005	POST	/auth/signin	http://localhost:3000
20240207	18:39:31	adcf3cd5-2583-48e0-b7a6-6a4e7c738c6f	OPTIONS	/auth/signin	http://localhost:3000
20240207	18:39:31	bb4dbeb7-0919-4834-99f8-5dc80426e83c	POST	/auth/signin	http://localhost:3000
20240207	18:39:45	fa0cb24c-6c10-4917-98cd-cc8242ac4539	OPTIONS	/auth/signin	http://localhost:3000
20240207	18:39:45	0716dda1-aebf-4b0c-ba21-c8e800558c03	POST	/auth/signin	http://localhost:3000
20240207	18:41:21	aea5d9bd-8e84-41f8-929f-6a376891b04e	OPTIONS	/auth/signin	http://localhost:3000
20240207	18:41:21	8c59c5bf-9b3d-40ac-b52c-6cff3f3be9d8	POST	/auth/signin	http://localhost:3000
20240207	18:41:29	2ddae917-583d-4db3-8ee3-3fc7a97ca716	OPTIONS	/auth/signin	http://localhost:3000
20240207	18:41:29	3d4902c7-cd2f-4936-a462-04f9358ba3e4	POST	/auth/signin	http://localhost:3000
20240207	18:41:30	438f49c5-eef4-4e2a-8ef9-0bbecb482c7c	POST	/auth/signin	http://localhost:3000
20240207	18:41:31	482177bc-d09e-4e99-9781-fa29c0ca109b	POST	/auth/signin	http://localhost:3000
20240207	18:41:31	0876e4e5-b595-4ba0-99b0-843f1464e69d	POST	/auth/signin	http://localhost:3000
20240207	18:41:37	76731878-d078-45eb-bdae-95feecbae04d	OPTIONS	/auth/signin	http://localhost:3000
20240207	18:41:37	02263011-ce89-428d-b96d-ad06ba1d289b	POST	/auth/signin	http://localhost:3000
20240207	18:42:04	c1c9f2d1-b8ec-4570-8fa3-6cbe29f0573a	OPTIONS	/auth/signin	http://localhost:3000
20240207	18:42:04	8154231a-da6a-4a41-959b-5c9dd9d4406e	POST	/auth/signin	http://localhost:3000
20240207	18:42:14	bb525587-6392-4a0a-bec3-1224cd5127b4	OPTIONS	/auth/signin	http://localhost:3000
20240207	18:42:14	5f807bc2-d567-43ba-b187-c6b31f9b254f	POST	/auth/signin	http://localhost:3000
20240207	18:42:15	2e6e308a-4b9c-42b6-acbd-8dc01243ac54	POST	/auth/signin	http://localhost:3000
20240207	18:42:16	b48acee9-73c9-40f7-8002-2bc6868d66a8	POST	/auth/signin	http://localhost:3000
20240207	18:42:16	08259a1e-3ac2-4aee-a4d6-9fbef53804de	POST	/auth/signin	http://localhost:3000
20240207	18:42:52	2a60b3ea-2d53-4006-a219-60b8173bf937	OPTIONS	/auth/signin	http://localhost:3000
20240207	18:42:52	9eae980f-b295-4229-bcd2-561fca480468	POST	/auth/signin	http://localhost:3000
20240207	18:42:53	ea5a4515-e3bd-497e-b338-79623a1f82e4	POST	/auth/signin	http://localhost:3000
20240207	18:42:53	9d93673b-c2a4-41f1-ab81-e9401b4b3a6e	POST	/auth/signin	http://localhost:3000
20240207	18:43:08	efb94c1c-5887-4668-982c-1474fa01d8c7	OPTIONS	/auth/signin	http://localhost:3000
20240207	18:43:08	add5adbd-7c90-4726-90c8-1b107cd83e2d	POST	/auth/signin	http://localhost:3000
20240207	18:43:11	0083a570-ad8c-4229-982e-f4abaf00bd47	POST	/auth/signin	http://localhost:3000
20240207	18:43:17	ddfebcf7-8877-4b55-89ab-629a1a0b2624	OPTIONS	/auth/signin	http://localhost:3000
20240207	18:43:17	5f68f972-ab62-4d1c-bd86-6ce565d22ff0	POST	/auth/signin	http://localhost:3000
20240207	18:43:26	3971c9dd-265c-42cf-ae2d-1164d23ebc6d	OPTIONS	/auth/signin	http://localhost:3000
20240207	18:43:26	e7d77ed0-2ed5-4875-9dfb-98693531e07c	POST	/auth/signin	http://localhost:3000
20240207	18:43:54	b84aba9a-e1a2-40c1-b909-cb6e63219aed	OPTIONS	/auth/signin	http://localhost:3000
20240207	18:43:54	50fa2c5d-f5b9-4b30-bf37-025266f4ab13	POST	/auth/signin	http://localhost:3000
20240207	18:45:46	b4da6492-2fb9-46d0-b0cb-7a4cc196a5a9	POST	/auth/signin	undefined
20240207	18:45:57	88905f4f-10e7-48c7-9a50-b78f5152f8dd	GET	/auth/current-user	undefined
20240207	18:46:07	3d705f9c-0079-4d31-b87c-f1aeddb346ee	GET	/auth/current-user	undefined
20240207	18:46:11	f0b68a72-c8ba-4492-a527-42cb007a7917	POST	/auth/signin	undefined
20240207	18:46:21	47e32efe-f25a-4740-82e6-d9ad8e20b1a1	OPTIONS	/auth/signin	http://localhost:3000
20240207	18:46:21	41c2df65-1a83-47f2-a79e-9063e7d8210b	POST	/auth/signin	http://localhost:3000
20240207	18:48:32	58774f61-a854-4187-b0e4-e9473139ab5c	OPTIONS	/auth/signin	http://localhost:3000
20240207	18:48:32	ec82c061-6551-4671-90df-b189a5383999	POST	/auth/signin	http://localhost:3000
20240207	18:51:35	4257fe2a-558c-441f-b4b0-e7d18a3b4b76	OPTIONS	/auth/signin	http://localhost:3000
20240207	18:51:35	593be639-1b63-4840-b521-a66a6c547faa	POST	/auth/signin	http://localhost:3000
